[2.410s] Invoking command in '/home/igor/Code/grupo6/src/workspace/src/bela_tarr': PYTHONPATH=/home/igor/Code/grupo6/src/workspace/build/bela_tarr/prefix_override:/home/igor/Code/grupo6/src/workspace/install/bela_tarr/lib/python3.10/site-packages:${PYTHONPATH} /usr/bin/python3 setup.py egg_info --egg-base ../../build/bela_tarr build --build-base /home/igor/Code/grupo6/src/workspace/build/bela_tarr/build install --record /home/igor/Code/grupo6/src/workspace/build/bela_tarr/install.log --single-version-externally-managed
[2.988s] running egg_info
[2.989s] writing ../../build/bela_tarr/bela_tarr.egg-info/PKG-INFO
[2.991s] writing dependency_links to ../../build/bela_tarr/bela_tarr.egg-info/dependency_links.txt
[2.993s] writing entry points to ../../build/bela_tarr/bela_tarr.egg-info/entry_points.txt
[2.994s] writing requirements to ../../build/bela_tarr/bela_tarr.egg-info/requires.txt
[2.994s] writing top-level names to ../../build/bela_tarr/bela_tarr.egg-info/top_level.txt
[3.002s] reading manifest file '../../build/bela_tarr/bela_tarr.egg-info/SOURCES.txt'
[3.005s] writing manifest file '../../build/bela_tarr/bela_tarr.egg-info/SOURCES.txt'
[3.005s] running build
[3.005s] running build_py
[3.008s] running install
[3.009s] running install_lib
[3.013s] running install_data
[3.018s] running install_egg_info
[3.021s] removing '/home/igor/Code/grupo6/src/workspace/install/bela_tarr/lib/python3.10/site-packages/bela_tarr-0.0.0-py3.10.egg-info' (and everything under it)
[3.021s] Copying ../../build/bela_tarr/bela_tarr.egg-info to /home/igor/Code/grupo6/src/workspace/install/bela_tarr/lib/python3.10/site-packages/bela_tarr-0.0.0-py3.10.egg-info
[3.024s] running install_scripts
[3.070s] Installing movement script to /home/igor/Code/grupo6/src/workspace/install/bela_tarr/lib/bela_tarr
[3.072s] writing list of installed files to '/home/igor/Code/grupo6/src/workspace/build/bela_tarr/install.log'
[3.133s] Invoked command in '/home/igor/Code/grupo6/src/workspace/src/bela_tarr' returned '0': PYTHONPATH=/home/igor/Code/grupo6/src/workspace/build/bela_tarr/prefix_override:/home/igor/Code/grupo6/src/workspace/install/bela_tarr/lib/python3.10/site-packages:${PYTHONPATH} /usr/bin/python3 setup.py egg_info --egg-base ../../build/bela_tarr build --build-base /home/igor/Code/grupo6/src/workspace/build/bela_tarr/build install --record /home/igor/Code/grupo6/src/workspace/build/bela_tarr/install.log --single-version-externally-managed
