[1.093s] Invoking command in '/home/igor/Code/grupo6/src/workspace/src/bela_tarr': PYTHONPATH=/home/igor/Code/grupo6/src/workspace/src/build/bela_tarr/prefix_override:/home/igor/Code/grupo6/src/workspace/src/install/bela_tarr/lib/python3.10/site-packages:${PYTHONPATH} /usr/bin/python3 setup.py egg_info --egg-base ../build/bela_tarr build --build-base /home/igor/Code/grupo6/src/workspace/src/build/bela_tarr/build install --record /home/igor/Code/grupo6/src/workspace/src/build/bela_tarr/install.log --single-version-externally-managed
[1.427s] running egg_info
[1.428s] writing ../build/bela_tarr/bela_tarr.egg-info/PKG-INFO
[1.428s] writing dependency_links to ../build/bela_tarr/bela_tarr.egg-info/dependency_links.txt
[1.430s] writing entry points to ../build/bela_tarr/bela_tarr.egg-info/entry_points.txt
[1.430s] writing requirements to ../build/bela_tarr/bela_tarr.egg-info/requires.txt
[1.432s] writing top-level names to ../build/bela_tarr/bela_tarr.egg-info/top_level.txt
[1.435s] reading manifest file '../build/bela_tarr/bela_tarr.egg-info/SOURCES.txt'
[1.436s] writing manifest file '../build/bela_tarr/bela_tarr.egg-info/SOURCES.txt'
[1.436s] running build
[1.436s] running build_py
[1.437s] running install
[1.437s] running install_lib
[1.439s] running install_data
[1.439s] creating /home/igor/Code/grupo6/src/workspace/src/install/bela_tarr/share/bela_tarr/launch
[1.440s] copying launch/mapping_launch.py -> /home/igor/Code/grupo6/src/workspace/src/install/bela_tarr/share/bela_tarr/launch
[1.440s] running install_egg_info
[1.443s] removing '/home/igor/Code/grupo6/src/workspace/src/install/bela_tarr/lib/python3.10/site-packages/bela_tarr-0.0.0-py3.10.egg-info' (and everything under it)
[1.443s] Copying ../build/bela_tarr/bela_tarr.egg-info to /home/igor/Code/grupo6/src/workspace/src/install/bela_tarr/lib/python3.10/site-packages/bela_tarr-0.0.0-py3.10.egg-info
[1.444s] running install_scripts
[1.469s] Installing movement script to /home/igor/Code/grupo6/src/workspace/src/install/bela_tarr/lib/bela_tarr
[1.469s] writing list of installed files to '/home/igor/Code/grupo6/src/workspace/src/build/bela_tarr/install.log'
[1.502s] Invoked command in '/home/igor/Code/grupo6/src/workspace/src/bela_tarr' returned '0': PYTHONPATH=/home/igor/Code/grupo6/src/workspace/src/build/bela_tarr/prefix_override:/home/igor/Code/grupo6/src/workspace/src/install/bela_tarr/lib/python3.10/site-packages:${PYTHONPATH} /usr/bin/python3 setup.py egg_info --egg-base ../build/bela_tarr build --build-base /home/igor/Code/grupo6/src/workspace/src/build/bela_tarr/build install --record /home/igor/Code/grupo6/src/workspace/src/build/bela_tarr/install.log --single-version-externally-managed
