[1.088s] Invoking command in '/home/igor/Code/grupo6/src/workspace/src/bela_tarr': PYTHONPATH=/home/igor/Code/grupo6/src/workspace/src/build/bela_tarr/prefix_override:/home/igor/Code/grupo6/src/workspace/src/install/bela_tarr/lib/python3.10/site-packages:${PYTHONPATH} /usr/bin/python3 setup.py egg_info --egg-base ../build/bela_tarr build --build-base /home/igor/Code/grupo6/src/workspace/src/build/bela_tarr/build install --record /home/igor/Code/grupo6/src/workspace/src/build/bela_tarr/install.log --single-version-externally-managed
[1.431s] running egg_info
[1.432s] creating ../build/bela_tarr/bela_tarr.egg-info
[1.432s] writing ../build/bela_tarr/bela_tarr.egg-info/PKG-INFO
[1.433s] writing dependency_links to ../build/bela_tarr/bela_tarr.egg-info/dependency_links.txt
[1.433s] writing entry points to ../build/bela_tarr/bela_tarr.egg-info/entry_points.txt
[1.433s] writing requirements to ../build/bela_tarr/bela_tarr.egg-info/requires.txt
[1.434s] writing top-level names to ../build/bela_tarr/bela_tarr.egg-info/top_level.txt
[1.434s] writing manifest file '../build/bela_tarr/bela_tarr.egg-info/SOURCES.txt'
[1.437s] reading manifest file '../build/bela_tarr/bela_tarr.egg-info/SOURCES.txt'
[1.438s] writing manifest file '../build/bela_tarr/bela_tarr.egg-info/SOURCES.txt'
[1.438s] running build
[1.439s] running build_py
[1.439s] creating /home/igor/Code/grupo6/src/workspace/src/build/bela_tarr/build
[1.439s] creating /home/igor/Code/grupo6/src/workspace/src/build/bela_tarr/build/lib
[1.439s] creating /home/igor/Code/grupo6/src/workspace/src/build/bela_tarr/build/lib/bela_tarr
[1.440s] copying bela_tarr/movement.py -> /home/igor/Code/grupo6/src/workspace/src/build/bela_tarr/build/lib/bela_tarr
[1.440s] copying bela_tarr/__init__.py -> /home/igor/Code/grupo6/src/workspace/src/build/bela_tarr/build/lib/bela_tarr
[1.440s] running install
[1.440s] running install_lib
[1.442s] creating /home/igor/Code/grupo6/src/workspace/src/install/bela_tarr/lib/python3.10/site-packages/bela_tarr
[1.442s] copying /home/igor/Code/grupo6/src/workspace/src/build/bela_tarr/build/lib/bela_tarr/movement.py -> /home/igor/Code/grupo6/src/workspace/src/install/bela_tarr/lib/python3.10/site-packages/bela_tarr
[1.442s] copying /home/igor/Code/grupo6/src/workspace/src/build/bela_tarr/build/lib/bela_tarr/__init__.py -> /home/igor/Code/grupo6/src/workspace/src/install/bela_tarr/lib/python3.10/site-packages/bela_tarr
[1.443s] byte-compiling /home/igor/Code/grupo6/src/workspace/src/install/bela_tarr/lib/python3.10/site-packages/bela_tarr/movement.py to movement.cpython-310.pyc
[1.443s] byte-compiling /home/igor/Code/grupo6/src/workspace/src/install/bela_tarr/lib/python3.10/site-packages/bela_tarr/__init__.py to __init__.cpython-310.pyc
[1.443s] running install_data
[1.444s] creating /home/igor/Code/grupo6/src/workspace/src/install/bela_tarr/share/ament_index
[1.445s] creating /home/igor/Code/grupo6/src/workspace/src/install/bela_tarr/share/ament_index/resource_index
[1.445s] creating /home/igor/Code/grupo6/src/workspace/src/install/bela_tarr/share/ament_index/resource_index/packages
[1.445s] copying resource/bela_tarr -> /home/igor/Code/grupo6/src/workspace/src/install/bela_tarr/share/ament_index/resource_index/packages
[1.445s] copying package.xml -> /home/igor/Code/grupo6/src/workspace/src/install/bela_tarr/share/bela_tarr
[1.445s] running install_egg_info
[1.448s] Copying ../build/bela_tarr/bela_tarr.egg-info to /home/igor/Code/grupo6/src/workspace/src/install/bela_tarr/lib/python3.10/site-packages/bela_tarr-0.0.0-py3.10.egg-info
[1.449s] running install_scripts
[1.474s] Installing movement script to /home/igor/Code/grupo6/src/workspace/src/install/bela_tarr/lib/bela_tarr
[1.475s] writing list of installed files to '/home/igor/Code/grupo6/src/workspace/src/build/bela_tarr/install.log'
[1.506s] Invoked command in '/home/igor/Code/grupo6/src/workspace/src/bela_tarr' returned '0': PYTHONPATH=/home/igor/Code/grupo6/src/workspace/src/build/bela_tarr/prefix_override:/home/igor/Code/grupo6/src/workspace/src/install/bela_tarr/lib/python3.10/site-packages:${PYTHONPATH} /usr/bin/python3 setup.py egg_info --egg-base ../build/bela_tarr build --build-base /home/igor/Code/grupo6/src/workspace/src/build/bela_tarr/build install --record /home/igor/Code/grupo6/src/workspace/src/build/bela_tarr/install.log --single-version-externally-managed
