[1.221s] DEBUG:colcon:Command line arguments: ['/usr/bin/colcon', 'list', '-p', '--base-paths', '/home/antonio/Documents/Github/grupo6']
[1.221s] DEBUG:colcon:Parsed command line arguments: Namespace(log_base=None, log_level=None, verb_name='list', build_base='build', ignore_user_meta=False, metas=['./colcon.meta'], base_paths=['/home/antonio/Documents/Github/grupo6'], packages_ignore=None, packages_ignore_regex=None, paths=None, packages_up_to=None, packages_up_to_regex=None, packages_above=None, packages_above_and_dependencies=None, packages_above_depth=None, packages_select_by_dep=None, packages_skip_by_dep=None, packages_skip_up_to=None, packages_select_build_failed=False, packages_skip_build_finished=False, packages_select_test_failures=False, packages_skip_test_passed=False, packages_select=None, packages_skip=None, packages_select_regex=None, packages_skip_regex=None, packages_start=None, packages_end=None, allow_overriding=[], topological_order=False, names_only=False, paths_only=True, topological_graph=False, topological_graph_dot=False, topological_graph_density=False, topological_graph_legend=False, topological_graph_dot_cluster=False, topological_graph_dot_include_skipped=False, verb_parser=<colcon_defaults.argument_parser.defaults.DefaultArgumentsDecorator object at 0x7f052778b460>, verb_extension=<colcon_package_information.verb.list.ListVerb object at 0x7f0527bd7700>, main=<bound method ListVerb.main of <colcon_package_information.verb.list.ListVerb object at 0x7f0527bd7700>>)
[1.285s] Level 1:colcon.colcon_core.package_discovery:discover_packages(colcon_meta) check parameters
[1.285s] Level 1:colcon.colcon_core.package_discovery:discover_packages(recursive) check parameters
[1.285s] Level 1:colcon.colcon_core.package_discovery:discover_packages(ignore) check parameters
[1.285s] Level 1:colcon.colcon_core.package_discovery:discover_packages(path) check parameters
[1.285s] Level 1:colcon.colcon_core.package_discovery:discover_packages(recursive) discover
[1.285s] INFO:colcon.colcon_core.package_discovery:Crawling recursively for packages in '/home/antonio/Documents/Github/grupo6'
[1.285s] Level 1:colcon.colcon_core.package_identification:_identify(/home/antonio/Documents/Github/grupo6) by extensions ['ignore', 'ignore_ament_install']
[1.285s] Level 1:colcon.colcon_core.package_identification:_identify(/home/antonio/Documents/Github/grupo6) by extension 'ignore'
[1.285s] Level 1:colcon.colcon_core.package_identification:_identify(/home/antonio/Documents/Github/grupo6) by extension 'ignore_ament_install'
[1.286s] Level 1:colcon.colcon_core.package_identification:_identify(/home/antonio/Documents/Github/grupo6) by extensions ['colcon_pkg']
[1.286s] Level 1:colcon.colcon_core.package_identification:_identify(/home/antonio/Documents/Github/grupo6) by extension 'colcon_pkg'
[1.286s] Level 1:colcon.colcon_core.package_identification:_identify(/home/antonio/Documents/Github/grupo6) by extensions ['colcon_meta']
[1.286s] Level 1:colcon.colcon_core.package_identification:_identify(/home/antonio/Documents/Github/grupo6) by extension 'colcon_meta'
[1.286s] Level 1:colcon.colcon_core.package_identification:_identify(/home/antonio/Documents/Github/grupo6) by extensions ['ros']
[1.286s] Level 1:colcon.colcon_core.package_identification:_identify(/home/antonio/Documents/Github/grupo6) by extension 'ros'
[1.301s] Level 1:colcon.colcon_core.package_identification:_identify(/home/antonio/Documents/Github/grupo6) by extensions ['cmake', 'python']
[1.301s] Level 1:colcon.colcon_core.package_identification:_identify(/home/antonio/Documents/Github/grupo6) by extension 'cmake'
[1.301s] Level 1:colcon.colcon_core.package_identification:_identify(/home/antonio/Documents/Github/grupo6) by extension 'python'
[1.301s] Level 1:colcon.colcon_core.package_identification:_identify(/home/antonio/Documents/Github/grupo6) by extensions ['python_setup_py']
[1.302s] Level 1:colcon.colcon_core.package_identification:_identify(/home/antonio/Documents/Github/grupo6) by extension 'python_setup_py'
[1.302s] Level 1:colcon.colcon_core.package_identification:_identify(/home/antonio/Documents/Github/grupo6/docs) by extensions ['ignore', 'ignore_ament_install']
[1.302s] Level 1:colcon.colcon_core.package_identification:_identify(/home/antonio/Documents/Github/grupo6/docs) by extension 'ignore'
[1.302s] Level 1:colcon.colcon_core.package_identification:_identify(/home/antonio/Documents/Github/grupo6/docs) by extension 'ignore_ament_install'
[1.302s] Level 1:colcon.colcon_core.package_identification:_identify(/home/antonio/Documents/Github/grupo6/docs) by extensions ['colcon_pkg']
[1.302s] Level 1:colcon.colcon_core.package_identification:_identify(/home/antonio/Documents/Github/grupo6/docs) by extension 'colcon_pkg'
[1.302s] Level 1:colcon.colcon_core.package_identification:_identify(/home/antonio/Documents/Github/grupo6/docs) by extensions ['colcon_meta']
[1.302s] Level 1:colcon.colcon_core.package_identification:_identify(/home/antonio/Documents/Github/grupo6/docs) by extension 'colcon_meta'
[1.302s] Level 1:colcon.colcon_core.package_identification:_identify(/home/antonio/Documents/Github/grupo6/docs) by extensions ['ros']
[1.302s] Level 1:colcon.colcon_core.package_identification:_identify(/home/antonio/Documents/Github/grupo6/docs) by extension 'ros'
[1.302s] Level 1:colcon.colcon_core.package_identification:_identify(/home/antonio/Documents/Github/grupo6/docs) by extensions ['cmake', 'python']
[1.302s] Level 1:colcon.colcon_core.package_identification:_identify(/home/antonio/Documents/Github/grupo6/docs) by extension 'cmake'
[1.302s] Level 1:colcon.colcon_core.package_identification:_identify(/home/antonio/Documents/Github/grupo6/docs) by extension 'python'
[1.302s] Level 1:colcon.colcon_core.package_identification:_identify(/home/antonio/Documents/Github/grupo6/docs) by extensions ['python_setup_py']
[1.302s] Level 1:colcon.colcon_core.package_identification:_identify(/home/antonio/Documents/Github/grupo6/docs) by extension 'python_setup_py'
[1.302s] Level 1:colcon.colcon_core.package_identification:_identify(/home/antonio/Documents/Github/grupo6/docs/blog) by extensions ['ignore', 'ignore_ament_install']
[1.303s] Level 1:colcon.colcon_core.package_identification:_identify(/home/antonio/Documents/Github/grupo6/docs/blog) by extension 'ignore'
[1.303s] Level 1:colcon.colcon_core.package_identification:_identify(/home/antonio/Documents/Github/grupo6/docs/blog) by extension 'ignore_ament_install'
[1.303s] Level 1:colcon.colcon_core.package_identification:_identify(/home/antonio/Documents/Github/grupo6/docs/blog) by extensions ['colcon_pkg']
[1.303s] Level 1:colcon.colcon_core.package_identification:_identify(/home/antonio/Documents/Github/grupo6/docs/blog) by extension 'colcon_pkg'
[1.303s] Level 1:colcon.colcon_core.package_identification:_identify(/home/antonio/Documents/Github/grupo6/docs/blog) by extensions ['colcon_meta']
[1.303s] Level 1:colcon.colcon_core.package_identification:_identify(/home/antonio/Documents/Github/grupo6/docs/blog) by extension 'colcon_meta'
[1.303s] Level 1:colcon.colcon_core.package_identification:_identify(/home/antonio/Documents/Github/grupo6/docs/blog) by extensions ['ros']
[1.303s] Level 1:colcon.colcon_core.package_identification:_identify(/home/antonio/Documents/Github/grupo6/docs/blog) by extension 'ros'
[1.303s] Level 1:colcon.colcon_core.package_identification:_identify(/home/antonio/Documents/Github/grupo6/docs/blog) by extensions ['cmake', 'python']
[1.303s] Level 1:colcon.colcon_core.package_identification:_identify(/home/antonio/Documents/Github/grupo6/docs/blog) by extension 'cmake'
[1.303s] Level 1:colcon.colcon_core.package_identification:_identify(/home/antonio/Documents/Github/grupo6/docs/blog) by extension 'python'
[1.303s] Level 1:colcon.colcon_core.package_identification:_identify(/home/antonio/Documents/Github/grupo6/docs/blog) by extensions ['python_setup_py']
[1.303s] Level 1:colcon.colcon_core.package_identification:_identify(/home/antonio/Documents/Github/grupo6/docs/blog) by extension 'python_setup_py'
[1.303s] Level 1:colcon.colcon_core.package_identification:_identify(/home/antonio/Documents/Github/grupo6/docs/blog/2021-08-26-welcome) by extensions ['ignore', 'ignore_ament_install']
[1.303s] Level 1:colcon.colcon_core.package_identification:_identify(/home/antonio/Documents/Github/grupo6/docs/blog/2021-08-26-welcome) by extension 'ignore'
[1.303s] Level 1:colcon.colcon_core.package_identification:_identify(/home/antonio/Documents/Github/grupo6/docs/blog/2021-08-26-welcome) by extension 'ignore_ament_install'
[1.303s] Level 1:colcon.colcon_core.package_identification:_identify(/home/antonio/Documents/Github/grupo6/docs/blog/2021-08-26-welcome) by extensions ['colcon_pkg']
[1.303s] Level 1:colcon.colcon_core.package_identification:_identify(/home/antonio/Documents/Github/grupo6/docs/blog/2021-08-26-welcome) by extension 'colcon_pkg'
[1.303s] Level 1:colcon.colcon_core.package_identification:_identify(/home/antonio/Documents/Github/grupo6/docs/blog/2021-08-26-welcome) by extensions ['colcon_meta']
[1.303s] Level 1:colcon.colcon_core.package_identification:_identify(/home/antonio/Documents/Github/grupo6/docs/blog/2021-08-26-welcome) by extension 'colcon_meta'
[1.303s] Level 1:colcon.colcon_core.package_identification:_identify(/home/antonio/Documents/Github/grupo6/docs/blog/2021-08-26-welcome) by extensions ['ros']
[1.303s] Level 1:colcon.colcon_core.package_identification:_identify(/home/antonio/Documents/Github/grupo6/docs/blog/2021-08-26-welcome) by extension 'ros'
[1.304s] Level 1:colcon.colcon_core.package_identification:_identify(/home/antonio/Documents/Github/grupo6/docs/blog/2021-08-26-welcome) by extensions ['cmake', 'python']
[1.304s] Level 1:colcon.colcon_core.package_identification:_identify(/home/antonio/Documents/Github/grupo6/docs/blog/2021-08-26-welcome) by extension 'cmake'
[1.304s] Level 1:colcon.colcon_core.package_identification:_identify(/home/antonio/Documents/Github/grupo6/docs/blog/2021-08-26-welcome) by extension 'python'
[1.304s] Level 1:colcon.colcon_core.package_identification:_identify(/home/antonio/Documents/Github/grupo6/docs/blog/2021-08-26-welcome) by extensions ['python_setup_py']
[1.304s] Level 1:colcon.colcon_core.package_identification:_identify(/home/antonio/Documents/Github/grupo6/docs/blog/2021-08-26-welcome) by extension 'python_setup_py'
[1.304s] Level 1:colcon.colcon_core.package_identification:_identify(/home/antonio/Documents/Github/grupo6/docs/docs) by extensions ['ignore', 'ignore_ament_install']
[1.304s] Level 1:colcon.colcon_core.package_identification:_identify(/home/antonio/Documents/Github/grupo6/docs/docs) by extension 'ignore'
[1.304s] Level 1:colcon.colcon_core.package_identification:_identify(/home/antonio/Documents/Github/grupo6/docs/docs) by extension 'ignore_ament_install'
[1.304s] Level 1:colcon.colcon_core.package_identification:_identify(/home/antonio/Documents/Github/grupo6/docs/docs) by extensions ['colcon_pkg']
[1.304s] Level 1:colcon.colcon_core.package_identification:_identify(/home/antonio/Documents/Github/grupo6/docs/docs) by extension 'colcon_pkg'
[1.304s] Level 1:colcon.colcon_core.package_identification:_identify(/home/antonio/Documents/Github/grupo6/docs/docs) by extensions ['colcon_meta']
[1.304s] Level 1:colcon.colcon_core.package_identification:_identify(/home/antonio/Documents/Github/grupo6/docs/docs) by extension 'colcon_meta'
[1.304s] Level 1:colcon.colcon_core.package_identification:_identify(/home/antonio/Documents/Github/grupo6/docs/docs) by extensions ['ros']
[1.304s] Level 1:colcon.colcon_core.package_identification:_identify(/home/antonio/Documents/Github/grupo6/docs/docs) by extension 'ros'
[1.304s] Level 1:colcon.colcon_core.package_identification:_identify(/home/antonio/Documents/Github/grupo6/docs/docs) by extensions ['cmake', 'python']
[1.304s] Level 1:colcon.colcon_core.package_identification:_identify(/home/antonio/Documents/Github/grupo6/docs/docs) by extension 'cmake'
[1.304s] Level 1:colcon.colcon_core.package_identification:_identify(/home/antonio/Documents/Github/grupo6/docs/docs) by extension 'python'
[1.304s] Level 1:colcon.colcon_core.package_identification:_identify(/home/antonio/Documents/Github/grupo6/docs/docs) by extensions ['python_setup_py']
[1.304s] Level 1:colcon.colcon_core.package_identification:_identify(/home/antonio/Documents/Github/grupo6/docs/docs) by extension 'python_setup_py'
[1.305s] Level 1:colcon.colcon_core.package_identification:_identify(/home/antonio/Documents/Github/grupo6/docs/docs/arquitetura) by extensions ['ignore', 'ignore_ament_install']
[1.305s] Level 1:colcon.colcon_core.package_identification:_identify(/home/antonio/Documents/Github/grupo6/docs/docs/arquitetura) by extension 'ignore'
[1.305s] Level 1:colcon.colcon_core.package_identification:_identify(/home/antonio/Documents/Github/grupo6/docs/docs/arquitetura) by extension 'ignore_ament_install'
[1.305s] Level 1:colcon.colcon_core.package_identification:_identify(/home/antonio/Documents/Github/grupo6/docs/docs/arquitetura) by extensions ['colcon_pkg']
[1.305s] Level 1:colcon.colcon_core.package_identification:_identify(/home/antonio/Documents/Github/grupo6/docs/docs/arquitetura) by extension 'colcon_pkg'
[1.305s] Level 1:colcon.colcon_core.package_identification:_identify(/home/antonio/Documents/Github/grupo6/docs/docs/arquitetura) by extensions ['colcon_meta']
[1.305s] Level 1:colcon.colcon_core.package_identification:_identify(/home/antonio/Documents/Github/grupo6/docs/docs/arquitetura) by extension 'colcon_meta'
[1.305s] Level 1:colcon.colcon_core.package_identification:_identify(/home/antonio/Documents/Github/grupo6/docs/docs/arquitetura) by extensions ['ros']
[1.305s] Level 1:colcon.colcon_core.package_identification:_identify(/home/antonio/Documents/Github/grupo6/docs/docs/arquitetura) by extension 'ros'
[1.305s] Level 1:colcon.colcon_core.package_identification:_identify(/home/antonio/Documents/Github/grupo6/docs/docs/arquitetura) by extensions ['cmake', 'python']
[1.305s] Level 1:colcon.colcon_core.package_identification:_identify(/home/antonio/Documents/Github/grupo6/docs/docs/arquitetura) by extension 'cmake'
[1.305s] Level 1:colcon.colcon_core.package_identification:_identify(/home/antonio/Documents/Github/grupo6/docs/docs/arquitetura) by extension 'python'
[1.305s] Level 1:colcon.colcon_core.package_identification:_identify(/home/antonio/Documents/Github/grupo6/docs/docs/arquitetura) by extensions ['python_setup_py']
[1.305s] Level 1:colcon.colcon_core.package_identification:_identify(/home/antonio/Documents/Github/grupo6/docs/docs/arquitetura) by extension 'python_setup_py'
[1.305s] Level 1:colcon.colcon_core.package_identification:_identify(/home/antonio/Documents/Github/grupo6/docs/docs/negocios) by extensions ['ignore', 'ignore_ament_install']
[1.305s] Level 1:colcon.colcon_core.package_identification:_identify(/home/antonio/Documents/Github/grupo6/docs/docs/negocios) by extension 'ignore'
[1.305s] Level 1:colcon.colcon_core.package_identification:_identify(/home/antonio/Documents/Github/grupo6/docs/docs/negocios) by extension 'ignore_ament_install'
[1.305s] Level 1:colcon.colcon_core.package_identification:_identify(/home/antonio/Documents/Github/grupo6/docs/docs/negocios) by extensions ['colcon_pkg']
[1.305s] Level 1:colcon.colcon_core.package_identification:_identify(/home/antonio/Documents/Github/grupo6/docs/docs/negocios) by extension 'colcon_pkg'
[1.305s] Level 1:colcon.colcon_core.package_identification:_identify(/home/antonio/Documents/Github/grupo6/docs/docs/negocios) by extensions ['colcon_meta']
[1.305s] Level 1:colcon.colcon_core.package_identification:_identify(/home/antonio/Documents/Github/grupo6/docs/docs/negocios) by extension 'colcon_meta'
[1.305s] Level 1:colcon.colcon_core.package_identification:_identify(/home/antonio/Documents/Github/grupo6/docs/docs/negocios) by extensions ['ros']
[1.305s] Level 1:colcon.colcon_core.package_identification:_identify(/home/antonio/Documents/Github/grupo6/docs/docs/negocios) by extension 'ros'
[1.305s] Level 1:colcon.colcon_core.package_identification:_identify(/home/antonio/Documents/Github/grupo6/docs/docs/negocios) by extensions ['cmake', 'python']
[1.305s] Level 1:colcon.colcon_core.package_identification:_identify(/home/antonio/Documents/Github/grupo6/docs/docs/negocios) by extension 'cmake'
[1.306s] Level 1:colcon.colcon_core.package_identification:_identify(/home/antonio/Documents/Github/grupo6/docs/docs/negocios) by extension 'python'
[1.306s] Level 1:colcon.colcon_core.package_identification:_identify(/home/antonio/Documents/Github/grupo6/docs/docs/negocios) by extensions ['python_setup_py']
[1.306s] Level 1:colcon.colcon_core.package_identification:_identify(/home/antonio/Documents/Github/grupo6/docs/docs/negocios) by extension 'python_setup_py'
[1.306s] Level 1:colcon.colcon_core.package_identification:_identify(/home/antonio/Documents/Github/grupo6/docs/docs/ux) by extensions ['ignore', 'ignore_ament_install']
[1.306s] Level 1:colcon.colcon_core.package_identification:_identify(/home/antonio/Documents/Github/grupo6/docs/docs/ux) by extension 'ignore'
[1.306s] Level 1:colcon.colcon_core.package_identification:_identify(/home/antonio/Documents/Github/grupo6/docs/docs/ux) by extension 'ignore_ament_install'
[1.306s] Level 1:colcon.colcon_core.package_identification:_identify(/home/antonio/Documents/Github/grupo6/docs/docs/ux) by extensions ['colcon_pkg']
[1.306s] Level 1:colcon.colcon_core.package_identification:_identify(/home/antonio/Documents/Github/grupo6/docs/docs/ux) by extension 'colcon_pkg'
[1.306s] Level 1:colcon.colcon_core.package_identification:_identify(/home/antonio/Documents/Github/grupo6/docs/docs/ux) by extensions ['colcon_meta']
[1.306s] Level 1:colcon.colcon_core.package_identification:_identify(/home/antonio/Documents/Github/grupo6/docs/docs/ux) by extension 'colcon_meta'
[1.306s] Level 1:colcon.colcon_core.package_identification:_identify(/home/antonio/Documents/Github/grupo6/docs/docs/ux) by extensions ['ros']
[1.306s] Level 1:colcon.colcon_core.package_identification:_identify(/home/antonio/Documents/Github/grupo6/docs/docs/ux) by extension 'ros'
[1.306s] Level 1:colcon.colcon_core.package_identification:_identify(/home/antonio/Documents/Github/grupo6/docs/docs/ux) by extensions ['cmake', 'python']
[1.306s] Level 1:colcon.colcon_core.package_identification:_identify(/home/antonio/Documents/Github/grupo6/docs/docs/ux) by extension 'cmake'
[1.306s] Level 1:colcon.colcon_core.package_identification:_identify(/home/antonio/Documents/Github/grupo6/docs/docs/ux) by extension 'python'
[1.306s] Level 1:colcon.colcon_core.package_identification:_identify(/home/antonio/Documents/Github/grupo6/docs/docs/ux) by extensions ['python_setup_py']
[1.306s] Level 1:colcon.colcon_core.package_identification:_identify(/home/antonio/Documents/Github/grupo6/docs/docs/ux) by extension 'python_setup_py'
[1.306s] Level 1:colcon.colcon_core.package_identification:_identify(/home/antonio/Documents/Github/grupo6/docs/slides) by extensions ['ignore', 'ignore_ament_install']
[1.307s] Level 1:colcon.colcon_core.package_identification:_identify(/home/antonio/Documents/Github/grupo6/docs/slides) by extension 'ignore'
[1.307s] Level 1:colcon.colcon_core.package_identification:_identify(/home/antonio/Documents/Github/grupo6/docs/slides) by extension 'ignore_ament_install'
[1.307s] Level 1:colcon.colcon_core.package_identification:_identify(/home/antonio/Documents/Github/grupo6/docs/slides) by extensions ['colcon_pkg']
[1.307s] Level 1:colcon.colcon_core.package_identification:_identify(/home/antonio/Documents/Github/grupo6/docs/slides) by extension 'colcon_pkg'
[1.307s] Level 1:colcon.colcon_core.package_identification:_identify(/home/antonio/Documents/Github/grupo6/docs/slides) by extensions ['colcon_meta']
[1.307s] Level 1:colcon.colcon_core.package_identification:_identify(/home/antonio/Documents/Github/grupo6/docs/slides) by extension 'colcon_meta'
[1.307s] Level 1:colcon.colcon_core.package_identification:_identify(/home/antonio/Documents/Github/grupo6/docs/slides) by extensions ['ros']
[1.307s] Level 1:colcon.colcon_core.package_identification:_identify(/home/antonio/Documents/Github/grupo6/docs/slides) by extension 'ros'
[1.307s] Level 1:colcon.colcon_core.package_identification:_identify(/home/antonio/Documents/Github/grupo6/docs/slides) by extensions ['cmake', 'python']
[1.307s] Level 1:colcon.colcon_core.package_identification:_identify(/home/antonio/Documents/Github/grupo6/docs/slides) by extension 'cmake'
[1.307s] Level 1:colcon.colcon_core.package_identification:_identify(/home/antonio/Documents/Github/grupo6/docs/slides) by extension 'python'
[1.307s] Level 1:colcon.colcon_core.package_identification:_identify(/home/antonio/Documents/Github/grupo6/docs/slides) by extensions ['python_setup_py']
[1.307s] Level 1:colcon.colcon_core.package_identification:_identify(/home/antonio/Documents/Github/grupo6/docs/slides) by extension 'python_setup_py'
[1.307s] Level 1:colcon.colcon_core.package_identification:_identify(/home/antonio/Documents/Github/grupo6/docs/src) by extensions ['ignore', 'ignore_ament_install']
[1.307s] Level 1:colcon.colcon_core.package_identification:_identify(/home/antonio/Documents/Github/grupo6/docs/src) by extension 'ignore'
[1.307s] Level 1:colcon.colcon_core.package_identification:_identify(/home/antonio/Documents/Github/grupo6/docs/src) by extension 'ignore_ament_install'
[1.307s] Level 1:colcon.colcon_core.package_identification:_identify(/home/antonio/Documents/Github/grupo6/docs/src) by extensions ['colcon_pkg']
[1.307s] Level 1:colcon.colcon_core.package_identification:_identify(/home/antonio/Documents/Github/grupo6/docs/src) by extension 'colcon_pkg'
[1.307s] Level 1:colcon.colcon_core.package_identification:_identify(/home/antonio/Documents/Github/grupo6/docs/src) by extensions ['colcon_meta']
[1.307s] Level 1:colcon.colcon_core.package_identification:_identify(/home/antonio/Documents/Github/grupo6/docs/src) by extension 'colcon_meta'
[1.307s] Level 1:colcon.colcon_core.package_identification:_identify(/home/antonio/Documents/Github/grupo6/docs/src) by extensions ['ros']
[1.307s] Level 1:colcon.colcon_core.package_identification:_identify(/home/antonio/Documents/Github/grupo6/docs/src) by extension 'ros'
[1.307s] Level 1:colcon.colcon_core.package_identification:_identify(/home/antonio/Documents/Github/grupo6/docs/src) by extensions ['cmake', 'python']
[1.307s] Level 1:colcon.colcon_core.package_identification:_identify(/home/antonio/Documents/Github/grupo6/docs/src) by extension 'cmake'
[1.307s] Level 1:colcon.colcon_core.package_identification:_identify(/home/antonio/Documents/Github/grupo6/docs/src) by extension 'python'
[1.307s] Level 1:colcon.colcon_core.package_identification:_identify(/home/antonio/Documents/Github/grupo6/docs/src) by extensions ['python_setup_py']
[1.308s] Level 1:colcon.colcon_core.package_identification:_identify(/home/antonio/Documents/Github/grupo6/docs/src) by extension 'python_setup_py'
[1.308s] Level 1:colcon.colcon_core.package_identification:_identify(/home/antonio/Documents/Github/grupo6/docs/src/components) by extensions ['ignore', 'ignore_ament_install']
[1.308s] Level 1:colcon.colcon_core.package_identification:_identify(/home/antonio/Documents/Github/grupo6/docs/src/components) by extension 'ignore'
[1.308s] Level 1:colcon.colcon_core.package_identification:_identify(/home/antonio/Documents/Github/grupo6/docs/src/components) by extension 'ignore_ament_install'
[1.308s] Level 1:colcon.colcon_core.package_identification:_identify(/home/antonio/Documents/Github/grupo6/docs/src/components) by extensions ['colcon_pkg']
[1.308s] Level 1:colcon.colcon_core.package_identification:_identify(/home/antonio/Documents/Github/grupo6/docs/src/components) by extension 'colcon_pkg'
[1.308s] Level 1:colcon.colcon_core.package_identification:_identify(/home/antonio/Documents/Github/grupo6/docs/src/components) by extensions ['colcon_meta']
[1.308s] Level 1:colcon.colcon_core.package_identification:_identify(/home/antonio/Documents/Github/grupo6/docs/src/components) by extension 'colcon_meta'
[1.308s] Level 1:colcon.colcon_core.package_identification:_identify(/home/antonio/Documents/Github/grupo6/docs/src/components) by extensions ['ros']
[1.308s] Level 1:colcon.colcon_core.package_identification:_identify(/home/antonio/Documents/Github/grupo6/docs/src/components) by extension 'ros'
[1.308s] Level 1:colcon.colcon_core.package_identification:_identify(/home/antonio/Documents/Github/grupo6/docs/src/components) by extensions ['cmake', 'python']
[1.308s] Level 1:colcon.colcon_core.package_identification:_identify(/home/antonio/Documents/Github/grupo6/docs/src/components) by extension 'cmake'
[1.308s] Level 1:colcon.colcon_core.package_identification:_identify(/home/antonio/Documents/Github/grupo6/docs/src/components) by extension 'python'
[1.308s] Level 1:colcon.colcon_core.package_identification:_identify(/home/antonio/Documents/Github/grupo6/docs/src/components) by extensions ['python_setup_py']
[1.308s] Level 1:colcon.colcon_core.package_identification:_identify(/home/antonio/Documents/Github/grupo6/docs/src/components) by extension 'python_setup_py'
[1.308s] Level 1:colcon.colcon_core.package_identification:_identify(/home/antonio/Documents/Github/grupo6/docs/src/components/HomepageFeatures) by extensions ['ignore', 'ignore_ament_install']
[1.308s] Level 1:colcon.colcon_core.package_identification:_identify(/home/antonio/Documents/Github/grupo6/docs/src/components/HomepageFeatures) by extension 'ignore'
[1.308s] Level 1:colcon.colcon_core.package_identification:_identify(/home/antonio/Documents/Github/grupo6/docs/src/components/HomepageFeatures) by extension 'ignore_ament_install'
[1.308s] Level 1:colcon.colcon_core.package_identification:_identify(/home/antonio/Documents/Github/grupo6/docs/src/components/HomepageFeatures) by extensions ['colcon_pkg']
[1.308s] Level 1:colcon.colcon_core.package_identification:_identify(/home/antonio/Documents/Github/grupo6/docs/src/components/HomepageFeatures) by extension 'colcon_pkg'
[1.308s] Level 1:colcon.colcon_core.package_identification:_identify(/home/antonio/Documents/Github/grupo6/docs/src/components/HomepageFeatures) by extensions ['colcon_meta']
[1.308s] Level 1:colcon.colcon_core.package_identification:_identify(/home/antonio/Documents/Github/grupo6/docs/src/components/HomepageFeatures) by extension 'colcon_meta'
[1.308s] Level 1:colcon.colcon_core.package_identification:_identify(/home/antonio/Documents/Github/grupo6/docs/src/components/HomepageFeatures) by extensions ['ros']
[1.308s] Level 1:colcon.colcon_core.package_identification:_identify(/home/antonio/Documents/Github/grupo6/docs/src/components/HomepageFeatures) by extension 'ros'
[1.308s] Level 1:colcon.colcon_core.package_identification:_identify(/home/antonio/Documents/Github/grupo6/docs/src/components/HomepageFeatures) by extensions ['cmake', 'python']
[1.309s] Level 1:colcon.colcon_core.package_identification:_identify(/home/antonio/Documents/Github/grupo6/docs/src/components/HomepageFeatures) by extension 'cmake'
[1.309s] Level 1:colcon.colcon_core.package_identification:_identify(/home/antonio/Documents/Github/grupo6/docs/src/components/HomepageFeatures) by extension 'python'
[1.309s] Level 1:colcon.colcon_core.package_identification:_identify(/home/antonio/Documents/Github/grupo6/docs/src/components/HomepageFeatures) by extensions ['python_setup_py']
[1.309s] Level 1:colcon.colcon_core.package_identification:_identify(/home/antonio/Documents/Github/grupo6/docs/src/components/HomepageFeatures) by extension 'python_setup_py'
[1.309s] Level 1:colcon.colcon_core.package_identification:_identify(/home/antonio/Documents/Github/grupo6/docs/src/css) by extensions ['ignore', 'ignore_ament_install']
[1.309s] Level 1:colcon.colcon_core.package_identification:_identify(/home/antonio/Documents/Github/grupo6/docs/src/css) by extension 'ignore'
[1.309s] Level 1:colcon.colcon_core.package_identification:_identify(/home/antonio/Documents/Github/grupo6/docs/src/css) by extension 'ignore_ament_install'
[1.309s] Level 1:colcon.colcon_core.package_identification:_identify(/home/antonio/Documents/Github/grupo6/docs/src/css) by extensions ['colcon_pkg']
[1.309s] Level 1:colcon.colcon_core.package_identification:_identify(/home/antonio/Documents/Github/grupo6/docs/src/css) by extension 'colcon_pkg'
[1.309s] Level 1:colcon.colcon_core.package_identification:_identify(/home/antonio/Documents/Github/grupo6/docs/src/css) by extensions ['colcon_meta']
[1.309s] Level 1:colcon.colcon_core.package_identification:_identify(/home/antonio/Documents/Github/grupo6/docs/src/css) by extension 'colcon_meta'
[1.309s] Level 1:colcon.colcon_core.package_identification:_identify(/home/antonio/Documents/Github/grupo6/docs/src/css) by extensions ['ros']
[1.309s] Level 1:colcon.colcon_core.package_identification:_identify(/home/antonio/Documents/Github/grupo6/docs/src/css) by extension 'ros'
[1.309s] Level 1:colcon.colcon_core.package_identification:_identify(/home/antonio/Documents/Github/grupo6/docs/src/css) by extensions ['cmake', 'python']
[1.309s] Level 1:colcon.colcon_core.package_identification:_identify(/home/antonio/Documents/Github/grupo6/docs/src/css) by extension 'cmake'
[1.309s] Level 1:colcon.colcon_core.package_identification:_identify(/home/antonio/Documents/Github/grupo6/docs/src/css) by extension 'python'
[1.309s] Level 1:colcon.colcon_core.package_identification:_identify(/home/antonio/Documents/Github/grupo6/docs/src/css) by extensions ['python_setup_py']
[1.310s] Level 1:colcon.colcon_core.package_identification:_identify(/home/antonio/Documents/Github/grupo6/docs/src/css) by extension 'python_setup_py'
[1.310s] Level 1:colcon.colcon_core.package_identification:_identify(/home/antonio/Documents/Github/grupo6/docs/src/pages) by extensions ['ignore', 'ignore_ament_install']
[1.310s] Level 1:colcon.colcon_core.package_identification:_identify(/home/antonio/Documents/Github/grupo6/docs/src/pages) by extension 'ignore'
[1.310s] Level 1:colcon.colcon_core.package_identification:_identify(/home/antonio/Documents/Github/grupo6/docs/src/pages) by extension 'ignore_ament_install'
[1.310s] Level 1:colcon.colcon_core.package_identification:_identify(/home/antonio/Documents/Github/grupo6/docs/src/pages) by extensions ['colcon_pkg']
[1.310s] Level 1:colcon.colcon_core.package_identification:_identify(/home/antonio/Documents/Github/grupo6/docs/src/pages) by extension 'colcon_pkg'
[1.310s] Level 1:colcon.colcon_core.package_identification:_identify(/home/antonio/Documents/Github/grupo6/docs/src/pages) by extensions ['colcon_meta']
[1.310s] Level 1:colcon.colcon_core.package_identification:_identify(/home/antonio/Documents/Github/grupo6/docs/src/pages) by extension 'colcon_meta'
[1.310s] Level 1:colcon.colcon_core.package_identification:_identify(/home/antonio/Documents/Github/grupo6/docs/src/pages) by extensions ['ros']
[1.310s] Level 1:colcon.colcon_core.package_identification:_identify(/home/antonio/Documents/Github/grupo6/docs/src/pages) by extension 'ros'
[1.310s] Level 1:colcon.colcon_core.package_identification:_identify(/home/antonio/Documents/Github/grupo6/docs/src/pages) by extensions ['cmake', 'python']
[1.310s] Level 1:colcon.colcon_core.package_identification:_identify(/home/antonio/Documents/Github/grupo6/docs/src/pages) by extension 'cmake'
[1.310s] Level 1:colcon.colcon_core.package_identification:_identify(/home/antonio/Documents/Github/grupo6/docs/src/pages) by extension 'python'
[1.310s] Level 1:colcon.colcon_core.package_identification:_identify(/home/antonio/Documents/Github/grupo6/docs/src/pages) by extensions ['python_setup_py']
[1.310s] Level 1:colcon.colcon_core.package_identification:_identify(/home/antonio/Documents/Github/grupo6/docs/src/pages) by extension 'python_setup_py'
[1.310s] Level 1:colcon.colcon_core.package_identification:_identify(/home/antonio/Documents/Github/grupo6/docs/static) by extensions ['ignore', 'ignore_ament_install']
[1.310s] Level 1:colcon.colcon_core.package_identification:_identify(/home/antonio/Documents/Github/grupo6/docs/static) by extension 'ignore'
[1.310s] Level 1:colcon.colcon_core.package_identification:_identify(/home/antonio/Documents/Github/grupo6/docs/static) by extension 'ignore_ament_install'
[1.311s] Level 1:colcon.colcon_core.package_identification:_identify(/home/antonio/Documents/Github/grupo6/docs/static) by extensions ['colcon_pkg']
[1.311s] Level 1:colcon.colcon_core.package_identification:_identify(/home/antonio/Documents/Github/grupo6/docs/static) by extension 'colcon_pkg'
[1.311s] Level 1:colcon.colcon_core.package_identification:_identify(/home/antonio/Documents/Github/grupo6/docs/static) by extensions ['colcon_meta']
[1.311s] Level 1:colcon.colcon_core.package_identification:_identify(/home/antonio/Documents/Github/grupo6/docs/static) by extension 'colcon_meta'
[1.311s] Level 1:colcon.colcon_core.package_identification:_identify(/home/antonio/Documents/Github/grupo6/docs/static) by extensions ['ros']
[1.311s] Level 1:colcon.colcon_core.package_identification:_identify(/home/antonio/Documents/Github/grupo6/docs/static) by extension 'ros'
[1.311s] Level 1:colcon.colcon_core.package_identification:_identify(/home/antonio/Documents/Github/grupo6/docs/static) by extensions ['cmake', 'python']
[1.311s] Level 1:colcon.colcon_core.package_identification:_identify(/home/antonio/Documents/Github/grupo6/docs/static) by extension 'cmake'
[1.311s] Level 1:colcon.colcon_core.package_identification:_identify(/home/antonio/Documents/Github/grupo6/docs/static) by extension 'python'
[1.311s] Level 1:colcon.colcon_core.package_identification:_identify(/home/antonio/Documents/Github/grupo6/docs/static) by extensions ['python_setup_py']
[1.311s] Level 1:colcon.colcon_core.package_identification:_identify(/home/antonio/Documents/Github/grupo6/docs/static) by extension 'python_setup_py'
[1.311s] Level 1:colcon.colcon_core.package_identification:_identify(/home/antonio/Documents/Github/grupo6/docs/static/img) by extensions ['ignore', 'ignore_ament_install']
[1.311s] Level 1:colcon.colcon_core.package_identification:_identify(/home/antonio/Documents/Github/grupo6/docs/static/img) by extension 'ignore'
[1.311s] Level 1:colcon.colcon_core.package_identification:_identify(/home/antonio/Documents/Github/grupo6/docs/static/img) by extension 'ignore_ament_install'
[1.311s] Level 1:colcon.colcon_core.package_identification:_identify(/home/antonio/Documents/Github/grupo6/docs/static/img) by extensions ['colcon_pkg']
[1.311s] Level 1:colcon.colcon_core.package_identification:_identify(/home/antonio/Documents/Github/grupo6/docs/static/img) by extension 'colcon_pkg'
[1.311s] Level 1:colcon.colcon_core.package_identification:_identify(/home/antonio/Documents/Github/grupo6/docs/static/img) by extensions ['colcon_meta']
[1.311s] Level 1:colcon.colcon_core.package_identification:_identify(/home/antonio/Documents/Github/grupo6/docs/static/img) by extension 'colcon_meta'
[1.312s] Level 1:colcon.colcon_core.package_identification:_identify(/home/antonio/Documents/Github/grupo6/docs/static/img) by extensions ['ros']
[1.312s] Level 1:colcon.colcon_core.package_identification:_identify(/home/antonio/Documents/Github/grupo6/docs/static/img) by extension 'ros'
[1.312s] Level 1:colcon.colcon_core.package_identification:_identify(/home/antonio/Documents/Github/grupo6/docs/static/img) by extensions ['cmake', 'python']
[1.312s] Level 1:colcon.colcon_core.package_identification:_identify(/home/antonio/Documents/Github/grupo6/docs/static/img) by extension 'cmake'
[1.312s] Level 1:colcon.colcon_core.package_identification:_identify(/home/antonio/Documents/Github/grupo6/docs/static/img) by extension 'python'
[1.312s] Level 1:colcon.colcon_core.package_identification:_identify(/home/antonio/Documents/Github/grupo6/docs/static/img) by extensions ['python_setup_py']
[1.312s] Level 1:colcon.colcon_core.package_identification:_identify(/home/antonio/Documents/Github/grupo6/docs/static/img) by extension 'python_setup_py'
[1.312s] Level 1:colcon.colcon_core.package_identification:_identify(/home/antonio/Documents/Github/grupo6/docs/static/img/interface) by extensions ['ignore', 'ignore_ament_install']
[1.312s] Level 1:colcon.colcon_core.package_identification:_identify(/home/antonio/Documents/Github/grupo6/docs/static/img/interface) by extension 'ignore'
[1.312s] Level 1:colcon.colcon_core.package_identification:_identify(/home/antonio/Documents/Github/grupo6/docs/static/img/interface) by extension 'ignore_ament_install'
[1.312s] Level 1:colcon.colcon_core.package_identification:_identify(/home/antonio/Documents/Github/grupo6/docs/static/img/interface) by extensions ['colcon_pkg']
[1.312s] Level 1:colcon.colcon_core.package_identification:_identify(/home/antonio/Documents/Github/grupo6/docs/static/img/interface) by extension 'colcon_pkg'
[1.312s] Level 1:colcon.colcon_core.package_identification:_identify(/home/antonio/Documents/Github/grupo6/docs/static/img/interface) by extensions ['colcon_meta']
[1.312s] Level 1:colcon.colcon_core.package_identification:_identify(/home/antonio/Documents/Github/grupo6/docs/static/img/interface) by extension 'colcon_meta'
[1.312s] Level 1:colcon.colcon_core.package_identification:_identify(/home/antonio/Documents/Github/grupo6/docs/static/img/interface) by extensions ['ros']
[1.312s] Level 1:colcon.colcon_core.package_identification:_identify(/home/antonio/Documents/Github/grupo6/docs/static/img/interface) by extension 'ros'
[1.312s] Level 1:colcon.colcon_core.package_identification:_identify(/home/antonio/Documents/Github/grupo6/docs/static/img/interface) by extensions ['cmake', 'python']
[1.312s] Level 1:colcon.colcon_core.package_identification:_identify(/home/antonio/Documents/Github/grupo6/docs/static/img/interface) by extension 'cmake'
[1.312s] Level 1:colcon.colcon_core.package_identification:_identify(/home/antonio/Documents/Github/grupo6/docs/static/img/interface) by extension 'python'
[1.312s] Level 1:colcon.colcon_core.package_identification:_identify(/home/antonio/Documents/Github/grupo6/docs/static/img/interface) by extensions ['python_setup_py']
[1.312s] Level 1:colcon.colcon_core.package_identification:_identify(/home/antonio/Documents/Github/grupo6/docs/static/img/interface) by extension 'python_setup_py'
[1.312s] Level 1:colcon.colcon_core.package_identification:_identify(/home/antonio/Documents/Github/grupo6/log) by extensions ['ignore', 'ignore_ament_install']
[1.312s] Level 1:colcon.colcon_core.package_identification:_identify(/home/antonio/Documents/Github/grupo6/log) by extension 'ignore'
[1.313s] Level 1:colcon.colcon_core.package_identification:_identify(/home/antonio/Documents/Github/grupo6/log) ignored
[1.313s] Level 1:colcon.colcon_core.package_identification:_identify(/home/antonio/Documents/Github/grupo6/media) by extensions ['ignore', 'ignore_ament_install']
[1.313s] Level 1:colcon.colcon_core.package_identification:_identify(/home/antonio/Documents/Github/grupo6/media) by extension 'ignore'
[1.313s] Level 1:colcon.colcon_core.package_identification:_identify(/home/antonio/Documents/Github/grupo6/media) by extension 'ignore_ament_install'
[1.313s] Level 1:colcon.colcon_core.package_identification:_identify(/home/antonio/Documents/Github/grupo6/media) by extensions ['colcon_pkg']
[1.313s] Level 1:colcon.colcon_core.package_identification:_identify(/home/antonio/Documents/Github/grupo6/media) by extension 'colcon_pkg'
[1.313s] Level 1:colcon.colcon_core.package_identification:_identify(/home/antonio/Documents/Github/grupo6/media) by extensions ['colcon_meta']
[1.313s] Level 1:colcon.colcon_core.package_identification:_identify(/home/antonio/Documents/Github/grupo6/media) by extension 'colcon_meta'
[1.313s] Level 1:colcon.colcon_core.package_identification:_identify(/home/antonio/Documents/Github/grupo6/media) by extensions ['ros']
[1.313s] Level 1:colcon.colcon_core.package_identification:_identify(/home/antonio/Documents/Github/grupo6/media) by extension 'ros'
[1.313s] Level 1:colcon.colcon_core.package_identification:_identify(/home/antonio/Documents/Github/grupo6/media) by extensions ['cmake', 'python']
[1.313s] Level 1:colcon.colcon_core.package_identification:_identify(/home/antonio/Documents/Github/grupo6/media) by extension 'cmake'
[1.313s] Level 1:colcon.colcon_core.package_identification:_identify(/home/antonio/Documents/Github/grupo6/media) by extension 'python'
[1.313s] Level 1:colcon.colcon_core.package_identification:_identify(/home/antonio/Documents/Github/grupo6/media) by extensions ['python_setup_py']
[1.313s] Level 1:colcon.colcon_core.package_identification:_identify(/home/antonio/Documents/Github/grupo6/media) by extension 'python_setup_py'
[1.313s] Level 1:colcon.colcon_core.package_identification:_identify(/home/antonio/Documents/Github/grupo6/src) by extensions ['ignore', 'ignore_ament_install']
[1.314s] Level 1:colcon.colcon_core.package_identification:_identify(/home/antonio/Documents/Github/grupo6/src) by extension 'ignore'
[1.314s] Level 1:colcon.colcon_core.package_identification:_identify(/home/antonio/Documents/Github/grupo6/src) by extension 'ignore_ament_install'
[1.314s] Level 1:colcon.colcon_core.package_identification:_identify(/home/antonio/Documents/Github/grupo6/src) by extensions ['colcon_pkg']
[1.314s] Level 1:colcon.colcon_core.package_identification:_identify(/home/antonio/Documents/Github/grupo6/src) by extension 'colcon_pkg'
[1.314s] Level 1:colcon.colcon_core.package_identification:_identify(/home/antonio/Documents/Github/grupo6/src) by extensions ['colcon_meta']
[1.314s] Level 1:colcon.colcon_core.package_identification:_identify(/home/antonio/Documents/Github/grupo6/src) by extension 'colcon_meta'
[1.314s] Level 1:colcon.colcon_core.package_identification:_identify(/home/antonio/Documents/Github/grupo6/src) by extensions ['ros']
[1.314s] Level 1:colcon.colcon_core.package_identification:_identify(/home/antonio/Documents/Github/grupo6/src) by extension 'ros'
[1.314s] Level 1:colcon.colcon_core.package_identification:_identify(/home/antonio/Documents/Github/grupo6/src) by extensions ['cmake', 'python']
[1.314s] Level 1:colcon.colcon_core.package_identification:_identify(/home/antonio/Documents/Github/grupo6/src) by extension 'cmake'
[1.314s] Level 1:colcon.colcon_core.package_identification:_identify(/home/antonio/Documents/Github/grupo6/src) by extension 'python'
[1.314s] Level 1:colcon.colcon_core.package_identification:_identify(/home/antonio/Documents/Github/grupo6/src) by extensions ['python_setup_py']
[1.314s] Level 1:colcon.colcon_core.package_identification:_identify(/home/antonio/Documents/Github/grupo6/src) by extension 'python_setup_py'
[1.314s] Level 1:colcon.colcon_core.package_identification:_identify(/home/antonio/Documents/Github/grupo6/src/navigation) by extensions ['ignore', 'ignore_ament_install']
[1.314s] Level 1:colcon.colcon_core.package_identification:_identify(/home/antonio/Documents/Github/grupo6/src/navigation) by extension 'ignore'
[1.314s] Level 1:colcon.colcon_core.package_identification:_identify(/home/antonio/Documents/Github/grupo6/src/navigation) by extension 'ignore_ament_install'
[1.314s] Level 1:colcon.colcon_core.package_identification:_identify(/home/antonio/Documents/Github/grupo6/src/navigation) by extensions ['colcon_pkg']
[1.314s] Level 1:colcon.colcon_core.package_identification:_identify(/home/antonio/Documents/Github/grupo6/src/navigation) by extension 'colcon_pkg'
[1.314s] Level 1:colcon.colcon_core.package_identification:_identify(/home/antonio/Documents/Github/grupo6/src/navigation) by extensions ['colcon_meta']
[1.314s] Level 1:colcon.colcon_core.package_identification:_identify(/home/antonio/Documents/Github/grupo6/src/navigation) by extension 'colcon_meta'
[1.314s] Level 1:colcon.colcon_core.package_identification:_identify(/home/antonio/Documents/Github/grupo6/src/navigation) by extensions ['ros']
[1.314s] Level 1:colcon.colcon_core.package_identification:_identify(/home/antonio/Documents/Github/grupo6/src/navigation) by extension 'ros'
[1.314s] Level 1:colcon.colcon_core.package_identification:_identify(/home/antonio/Documents/Github/grupo6/src/navigation) by extensions ['cmake', 'python']
[1.314s] Level 1:colcon.colcon_core.package_identification:_identify(/home/antonio/Documents/Github/grupo6/src/navigation) by extension 'cmake'
[1.314s] Level 1:colcon.colcon_core.package_identification:_identify(/home/antonio/Documents/Github/grupo6/src/navigation) by extension 'python'
[1.314s] Level 1:colcon.colcon_core.package_identification:_identify(/home/antonio/Documents/Github/grupo6/src/navigation) by extensions ['python_setup_py']
[1.314s] Level 1:colcon.colcon_core.package_identification:_identify(/home/antonio/Documents/Github/grupo6/src/navigation) by extension 'python_setup_py'
[1.315s] Level 1:colcon.colcon_core.package_identification:_identify(/home/antonio/Documents/Github/grupo6/src/navigation/build) by extensions ['ignore', 'ignore_ament_install']
[1.315s] Level 1:colcon.colcon_core.package_identification:_identify(/home/antonio/Documents/Github/grupo6/src/navigation/build) by extension 'ignore'
[1.315s] Level 1:colcon.colcon_core.package_identification:_identify(/home/antonio/Documents/Github/grupo6/src/navigation/build) ignored
[1.315s] Level 1:colcon.colcon_core.package_identification:_identify(/home/antonio/Documents/Github/grupo6/src/navigation/install) by extensions ['ignore', 'ignore_ament_install']
[1.315s] Level 1:colcon.colcon_core.package_identification:_identify(/home/antonio/Documents/Github/grupo6/src/navigation/install) by extension 'ignore'
[1.315s] Level 1:colcon.colcon_core.package_identification:_identify(/home/antonio/Documents/Github/grupo6/src/navigation/install) ignored
[1.315s] Level 1:colcon.colcon_core.package_identification:_identify(/home/antonio/Documents/Github/grupo6/src/navigation/log) by extensions ['ignore', 'ignore_ament_install']
[1.315s] Level 1:colcon.colcon_core.package_identification:_identify(/home/antonio/Documents/Github/grupo6/src/navigation/log) by extension 'ignore'
[1.315s] Level 1:colcon.colcon_core.package_identification:_identify(/home/antonio/Documents/Github/grupo6/src/navigation/log) ignored
[1.315s] Level 1:colcon.colcon_core.package_identification:_identify(/home/antonio/Documents/Github/grupo6/src/navigation/src) by extensions ['ignore', 'ignore_ament_install']
[1.315s] Level 1:colcon.colcon_core.package_identification:_identify(/home/antonio/Documents/Github/grupo6/src/navigation/src) by extension 'ignore'
[1.315s] Level 1:colcon.colcon_core.package_identification:_identify(/home/antonio/Documents/Github/grupo6/src/navigation/src) by extension 'ignore_ament_install'
[1.315s] Level 1:colcon.colcon_core.package_identification:_identify(/home/antonio/Documents/Github/grupo6/src/navigation/src) by extensions ['colcon_pkg']
[1.315s] Level 1:colcon.colcon_core.package_identification:_identify(/home/antonio/Documents/Github/grupo6/src/navigation/src) by extension 'colcon_pkg'
[1.315s] Level 1:colcon.colcon_core.package_identification:_identify(/home/antonio/Documents/Github/grupo6/src/navigation/src) by extensions ['colcon_meta']
[1.315s] Level 1:colcon.colcon_core.package_identification:_identify(/home/antonio/Documents/Github/grupo6/src/navigation/src) by extension 'colcon_meta'
[1.315s] Level 1:colcon.colcon_core.package_identification:_identify(/home/antonio/Documents/Github/grupo6/src/navigation/src) by extensions ['ros']
[1.315s] Level 1:colcon.colcon_core.package_identification:_identify(/home/antonio/Documents/Github/grupo6/src/navigation/src) by extension 'ros'
[1.315s] Level 1:colcon.colcon_core.package_identification:_identify(/home/antonio/Documents/Github/grupo6/src/navigation/src) by extensions ['cmake', 'python']
[1.315s] Level 1:colcon.colcon_core.package_identification:_identify(/home/antonio/Documents/Github/grupo6/src/navigation/src) by extension 'cmake'
[1.315s] Level 1:colcon.colcon_core.package_identification:_identify(/home/antonio/Documents/Github/grupo6/src/navigation/src) by extension 'python'
[1.315s] Level 1:colcon.colcon_core.package_identification:_identify(/home/antonio/Documents/Github/grupo6/src/navigation/src) by extensions ['python_setup_py']
[1.315s] Level 1:colcon.colcon_core.package_identification:_identify(/home/antonio/Documents/Github/grupo6/src/navigation/src) by extension 'python_setup_py'
[1.316s] Level 1:colcon.colcon_core.package_identification:_identify(/home/antonio/Documents/Github/grupo6/src/navigation/src/nav_pkg) by extensions ['ignore', 'ignore_ament_install']
[1.316s] Level 1:colcon.colcon_core.package_identification:_identify(/home/antonio/Documents/Github/grupo6/src/navigation/src/nav_pkg) by extension 'ignore'
[1.316s] Level 1:colcon.colcon_core.package_identification:_identify(/home/antonio/Documents/Github/grupo6/src/navigation/src/nav_pkg) by extension 'ignore_ament_install'
[1.316s] Level 1:colcon.colcon_core.package_identification:_identify(/home/antonio/Documents/Github/grupo6/src/navigation/src/nav_pkg) by extensions ['colcon_pkg']
[1.316s] Level 1:colcon.colcon_core.package_identification:_identify(/home/antonio/Documents/Github/grupo6/src/navigation/src/nav_pkg) by extension 'colcon_pkg'
[1.316s] Level 1:colcon.colcon_core.package_identification:_identify(/home/antonio/Documents/Github/grupo6/src/navigation/src/nav_pkg) by extensions ['colcon_meta']
[1.316s] Level 1:colcon.colcon_core.package_identification:_identify(/home/antonio/Documents/Github/grupo6/src/navigation/src/nav_pkg) by extension 'colcon_meta'
[1.316s] Level 1:colcon.colcon_core.package_identification:_identify(/home/antonio/Documents/Github/grupo6/src/navigation/src/nav_pkg) by extensions ['ros']
[1.316s] Level 1:colcon.colcon_core.package_identification:_identify(/home/antonio/Documents/Github/grupo6/src/navigation/src/nav_pkg) by extension 'ros'
[1.318s] DEBUG:colcon.colcon_core.package_identification:Package '/home/antonio/Documents/Github/grupo6/src/navigation/src/nav_pkg' with type 'ros.ament_python' and name 'nav_pkg'
[1.318s] Level 1:colcon.colcon_core.package_identification:_identify(/home/antonio/Documents/Github/grupo6/src/workspace) by extensions ['ignore', 'ignore_ament_install']
[1.318s] Level 1:colcon.colcon_core.package_identification:_identify(/home/antonio/Documents/Github/grupo6/src/workspace) by extension 'ignore'
[1.318s] Level 1:colcon.colcon_core.package_identification:_identify(/home/antonio/Documents/Github/grupo6/src/workspace) by extension 'ignore_ament_install'
[1.318s] Level 1:colcon.colcon_core.package_identification:_identify(/home/antonio/Documents/Github/grupo6/src/workspace) by extensions ['colcon_pkg']
[1.318s] Level 1:colcon.colcon_core.package_identification:_identify(/home/antonio/Documents/Github/grupo6/src/workspace) by extension 'colcon_pkg'
[1.318s] Level 1:colcon.colcon_core.package_identification:_identify(/home/antonio/Documents/Github/grupo6/src/workspace) by extensions ['colcon_meta']
[1.318s] Level 1:colcon.colcon_core.package_identification:_identify(/home/antonio/Documents/Github/grupo6/src/workspace) by extension 'colcon_meta'
[1.318s] Level 1:colcon.colcon_core.package_identification:_identify(/home/antonio/Documents/Github/grupo6/src/workspace) by extensions ['ros']
[1.318s] Level 1:colcon.colcon_core.package_identification:_identify(/home/antonio/Documents/Github/grupo6/src/workspace) by extension 'ros'
[1.318s] Level 1:colcon.colcon_core.package_identification:_identify(/home/antonio/Documents/Github/grupo6/src/workspace) by extensions ['cmake', 'python']
[1.318s] Level 1:colcon.colcon_core.package_identification:_identify(/home/antonio/Documents/Github/grupo6/src/workspace) by extension 'cmake'
[1.318s] Level 1:colcon.colcon_core.package_identification:_identify(/home/antonio/Documents/Github/grupo6/src/workspace) by extension 'python'
[1.318s] Level 1:colcon.colcon_core.package_identification:_identify(/home/antonio/Documents/Github/grupo6/src/workspace) by extensions ['python_setup_py']
[1.319s] Level 1:colcon.colcon_core.package_identification:_identify(/home/antonio/Documents/Github/grupo6/src/workspace) by extension 'python_setup_py'
[1.319s] Level 1:colcon.colcon_core.package_identification:_identify(/home/antonio/Documents/Github/grupo6/src/workspace/build) by extensions ['ignore', 'ignore_ament_install']
[1.319s] Level 1:colcon.colcon_core.package_identification:_identify(/home/antonio/Documents/Github/grupo6/src/workspace/build) by extension 'ignore'
[1.319s] Level 1:colcon.colcon_core.package_identification:_identify(/home/antonio/Documents/Github/grupo6/src/workspace/build) ignored
[1.319s] Level 1:colcon.colcon_core.package_identification:_identify(/home/antonio/Documents/Github/grupo6/src/workspace/install) by extensions ['ignore', 'ignore_ament_install']
[1.319s] Level 1:colcon.colcon_core.package_identification:_identify(/home/antonio/Documents/Github/grupo6/src/workspace/install) by extension 'ignore'
[1.319s] Level 1:colcon.colcon_core.package_identification:_identify(/home/antonio/Documents/Github/grupo6/src/workspace/install) ignored
[1.319s] Level 1:colcon.colcon_core.package_identification:_identify(/home/antonio/Documents/Github/grupo6/src/workspace/log) by extensions ['ignore', 'ignore_ament_install']
[1.319s] Level 1:colcon.colcon_core.package_identification:_identify(/home/antonio/Documents/Github/grupo6/src/workspace/log) by extension 'ignore'
[1.319s] Level 1:colcon.colcon_core.package_identification:_identify(/home/antonio/Documents/Github/grupo6/src/workspace/log) ignored
[1.319s] Level 1:colcon.colcon_core.package_identification:_identify(/home/antonio/Documents/Github/grupo6/src/workspace/src) by extensions ['ignore', 'ignore_ament_install']
[1.319s] Level 1:colcon.colcon_core.package_identification:_identify(/home/antonio/Documents/Github/grupo6/src/workspace/src) by extension 'ignore'
[1.319s] Level 1:colcon.colcon_core.package_identification:_identify(/home/antonio/Documents/Github/grupo6/src/workspace/src) by extension 'ignore_ament_install'
[1.319s] Level 1:colcon.colcon_core.package_identification:_identify(/home/antonio/Documents/Github/grupo6/src/workspace/src) by extensions ['colcon_pkg']
[1.319s] Level 1:colcon.colcon_core.package_identification:_identify(/home/antonio/Documents/Github/grupo6/src/workspace/src) by extension 'colcon_pkg'
[1.319s] Level 1:colcon.colcon_core.package_identification:_identify(/home/antonio/Documents/Github/grupo6/src/workspace/src) by extensions ['colcon_meta']
[1.319s] Level 1:colcon.colcon_core.package_identification:_identify(/home/antonio/Documents/Github/grupo6/src/workspace/src) by extension 'colcon_meta'
[1.319s] Level 1:colcon.colcon_core.package_identification:_identify(/home/antonio/Documents/Github/grupo6/src/workspace/src) by extensions ['ros']
[1.319s] Level 1:colcon.colcon_core.package_identification:_identify(/home/antonio/Documents/Github/grupo6/src/workspace/src) by extension 'ros'
[1.320s] Level 1:colcon.colcon_core.package_identification:_identify(/home/antonio/Documents/Github/grupo6/src/workspace/src) by extensions ['cmake', 'python']
[1.320s] Level 1:colcon.colcon_core.package_identification:_identify(/home/antonio/Documents/Github/grupo6/src/workspace/src) by extension 'cmake'
[1.320s] Level 1:colcon.colcon_core.package_identification:_identify(/home/antonio/Documents/Github/grupo6/src/workspace/src) by extension 'python'
[1.320s] Level 1:colcon.colcon_core.package_identification:_identify(/home/antonio/Documents/Github/grupo6/src/workspace/src) by extensions ['python_setup_py']
[1.320s] Level 1:colcon.colcon_core.package_identification:_identify(/home/antonio/Documents/Github/grupo6/src/workspace/src) by extension 'python_setup_py'
[1.320s] Level 1:colcon.colcon_core.package_identification:_identify(/home/antonio/Documents/Github/grupo6/src/workspace/src/bela_tarr) by extensions ['ignore', 'ignore_ament_install']
[1.320s] Level 1:colcon.colcon_core.package_identification:_identify(/home/antonio/Documents/Github/grupo6/src/workspace/src/bela_tarr) by extension 'ignore'
[1.320s] Level 1:colcon.colcon_core.package_identification:_identify(/home/antonio/Documents/Github/grupo6/src/workspace/src/bela_tarr) by extension 'ignore_ament_install'
[1.320s] Level 1:colcon.colcon_core.package_identification:_identify(/home/antonio/Documents/Github/grupo6/src/workspace/src/bela_tarr) by extensions ['colcon_pkg']
[1.320s] Level 1:colcon.colcon_core.package_identification:_identify(/home/antonio/Documents/Github/grupo6/src/workspace/src/bela_tarr) by extension 'colcon_pkg'
[1.320s] Level 1:colcon.colcon_core.package_identification:_identify(/home/antonio/Documents/Github/grupo6/src/workspace/src/bela_tarr) by extensions ['colcon_meta']
[1.320s] Level 1:colcon.colcon_core.package_identification:_identify(/home/antonio/Documents/Github/grupo6/src/workspace/src/bela_tarr) by extension 'colcon_meta'
[1.320s] Level 1:colcon.colcon_core.package_identification:_identify(/home/antonio/Documents/Github/grupo6/src/workspace/src/bela_tarr) by extensions ['ros']
[1.320s] Level 1:colcon.colcon_core.package_identification:_identify(/home/antonio/Documents/Github/grupo6/src/workspace/src/bela_tarr) by extension 'ros'
[1.321s] DEBUG:colcon.colcon_core.package_identification:Package '/home/antonio/Documents/Github/grupo6/src/workspace/src/bela_tarr' with type 'ros.ament_python' and name 'bela_tarr'
[1.321s] Level 1:colcon.colcon_core.package_identification:_identify(/home/antonio/Documents/Github/grupo6/src/workspace/src/build) by extensions ['ignore', 'ignore_ament_install']
[1.321s] Level 1:colcon.colcon_core.package_identification:_identify(/home/antonio/Documents/Github/grupo6/src/workspace/src/build) by extension 'ignore'
[1.321s] Level 1:colcon.colcon_core.package_identification:_identify(/home/antonio/Documents/Github/grupo6/src/workspace/src/build) ignored
[1.322s] Level 1:colcon.colcon_core.package_identification:_identify(/home/antonio/Documents/Github/grupo6/src/workspace/src/install) by extensions ['ignore', 'ignore_ament_install']
[1.322s] Level 1:colcon.colcon_core.package_identification:_identify(/home/antonio/Documents/Github/grupo6/src/workspace/src/install) by extension 'ignore'
[1.322s] Level 1:colcon.colcon_core.package_identification:_identify(/home/antonio/Documents/Github/grupo6/src/workspace/src/install) ignored
[1.322s] Level 1:colcon.colcon_core.package_identification:_identify(/home/antonio/Documents/Github/grupo6/src/workspace/src/log) by extensions ['ignore', 'ignore_ament_install']
[1.322s] Level 1:colcon.colcon_core.package_identification:_identify(/home/antonio/Documents/Github/grupo6/src/workspace/src/log) by extension 'ignore'
[1.322s] Level 1:colcon.colcon_core.package_identification:_identify(/home/antonio/Documents/Github/grupo6/src/workspace/src/log) ignored
[1.322s] Level 1:colcon.colcon_core.package_discovery:discover_packages(recursive) using defaults
