[2.626s] DEBUG:colcon:Command line arguments: ['/usr/bin/colcon', 'build']
[2.626s] DEBUG:colcon:Parsed command line arguments: Namespace(log_base=None, log_level=None, verb_name='build', build_base='build', install_base='install', merge_install=False, symlink_install=False, test_result_base=None, continue_on_error=False, executor='parallel', parallel_workers=4, event_handlers=None, ignore_user_meta=False, metas=['./colcon.meta'], base_paths=['.'], packages_ignore=None, packages_ignore_regex=None, paths=None, packages_up_to=None, packages_up_to_regex=None, packages_above=None, packages_above_and_dependencies=None, packages_above_depth=None, packages_select_by_dep=None, packages_skip_by_dep=None, packages_skip_up_to=None, packages_select_build_failed=False, packages_skip_build_finished=False, packages_select_test_failures=False, packages_skip_test_passed=False, packages_select=None, packages_skip=None, packages_select_regex=None, packages_skip_regex=None, packages_start=None, packages_end=None, allow_overriding=[], cmake_args=None, cmake_target=None, cmake_target_skip_unavailable=False, cmake_clean_cache=False, cmake_clean_first=False, cmake_force_configure=False, ament_cmake_args=None, catkin_cmake_args=None, catkin_skip_building_tests=False, verb_parser=<colcon_defaults.argument_parser.defaults.DefaultArgumentsDecorator object at 0x7f4d066faa40>, verb_extension=<colcon_core.verb.build.BuildVerb object at 0x7f4d0693f940>, main=<bound method BuildVerb.main of <colcon_core.verb.build.BuildVerb object at 0x7f4d0693f940>>)
[2.742s] Level 1:colcon.colcon_core.package_discovery:discover_packages(colcon_meta) check parameters
[2.743s] Level 1:colcon.colcon_core.package_discovery:discover_packages(recursive) check parameters
[2.743s] Level 1:colcon.colcon_core.package_discovery:discover_packages(ignore) check parameters
[2.744s] Level 1:colcon.colcon_core.package_discovery:discover_packages(path) check parameters
[2.744s] Level 1:colcon.colcon_core.package_discovery:discover_packages(colcon_meta) discover
[2.745s] Level 1:colcon.colcon_core.package_discovery:discover_packages(recursive) discover
[2.745s] INFO:colcon.colcon_core.package_discovery:Crawling recursively for packages in '/home/igor/Code/grupo6/src/workspace'
[2.746s] Level 1:colcon.colcon_core.package_identification:_identify(.) by extensions ['ignore', 'ignore_ament_install']
[2.746s] Level 1:colcon.colcon_core.package_identification:_identify(.) by extension 'ignore'
[2.746s] Level 1:colcon.colcon_core.package_identification:_identify(.) by extension 'ignore_ament_install'
[2.747s] Level 1:colcon.colcon_core.package_identification:_identify(.) by extensions ['colcon_pkg']
[2.747s] Level 1:colcon.colcon_core.package_identification:_identify(.) by extension 'colcon_pkg'
[2.747s] Level 1:colcon.colcon_core.package_identification:_identify(.) by extensions ['colcon_meta']
[2.747s] Level 1:colcon.colcon_core.package_identification:_identify(.) by extension 'colcon_meta'
[2.747s] Level 1:colcon.colcon_core.package_identification:_identify(.) by extensions ['ros']
[2.747s] Level 1:colcon.colcon_core.package_identification:_identify(.) by extension 'ros'
[2.770s] Level 1:colcon.colcon_core.package_identification:_identify(.) by extensions ['cmake', 'python']
[2.770s] Level 1:colcon.colcon_core.package_identification:_identify(.) by extension 'cmake'
[2.770s] Level 1:colcon.colcon_core.package_identification:_identify(.) by extension 'python'
[2.771s] Level 1:colcon.colcon_core.package_identification:_identify(.) by extensions ['python_setup_py']
[2.771s] Level 1:colcon.colcon_core.package_identification:_identify(.) by extension 'python_setup_py'
[2.771s] Level 1:colcon.colcon_core.package_identification:_identify(build) by extensions ['ignore', 'ignore_ament_install']
[2.771s] Level 1:colcon.colcon_core.package_identification:_identify(build) by extension 'ignore'
[2.771s] Level 1:colcon.colcon_core.package_identification:_identify(build) ignored
[2.771s] Level 1:colcon.colcon_core.package_identification:_identify(install) by extensions ['ignore', 'ignore_ament_install']
[2.772s] Level 1:colcon.colcon_core.package_identification:_identify(install) by extension 'ignore'
[2.772s] Level 1:colcon.colcon_core.package_identification:_identify(install) ignored
[2.772s] Level 1:colcon.colcon_core.package_identification:_identify(log) by extensions ['ignore', 'ignore_ament_install']
[2.772s] Level 1:colcon.colcon_core.package_identification:_identify(log) by extension 'ignore'
[2.772s] Level 1:colcon.colcon_core.package_identification:_identify(log) ignored
[2.772s] Level 1:colcon.colcon_core.package_identification:_identify(src) by extensions ['ignore', 'ignore_ament_install']
[2.773s] Level 1:colcon.colcon_core.package_identification:_identify(src) by extension 'ignore'
[2.773s] Level 1:colcon.colcon_core.package_identification:_identify(src) by extension 'ignore_ament_install'
[2.773s] Level 1:colcon.colcon_core.package_identification:_identify(src) by extensions ['colcon_pkg']
[2.773s] Level 1:colcon.colcon_core.package_identification:_identify(src) by extension 'colcon_pkg'
[2.773s] Level 1:colcon.colcon_core.package_identification:_identify(src) by extensions ['colcon_meta']
[2.773s] Level 1:colcon.colcon_core.package_identification:_identify(src) by extension 'colcon_meta'
[2.773s] Level 1:colcon.colcon_core.package_identification:_identify(src) by extensions ['ros']
[2.773s] Level 1:colcon.colcon_core.package_identification:_identify(src) by extension 'ros'
[2.773s] Level 1:colcon.colcon_core.package_identification:_identify(src) by extensions ['cmake', 'python']
[2.774s] Level 1:colcon.colcon_core.package_identification:_identify(src) by extension 'cmake'
[2.774s] Level 1:colcon.colcon_core.package_identification:_identify(src) by extension 'python'
[2.774s] Level 1:colcon.colcon_core.package_identification:_identify(src) by extensions ['python_setup_py']
[2.775s] Level 1:colcon.colcon_core.package_identification:_identify(src) by extension 'python_setup_py'
[2.775s] Level 1:colcon.colcon_core.package_identification:_identify(src/bela_tarr) by extensions ['ignore', 'ignore_ament_install']
[2.776s] Level 1:colcon.colcon_core.package_identification:_identify(src/bela_tarr) by extension 'ignore'
[2.776s] Level 1:colcon.colcon_core.package_identification:_identify(src/bela_tarr) by extension 'ignore_ament_install'
[2.776s] Level 1:colcon.colcon_core.package_identification:_identify(src/bela_tarr) by extensions ['colcon_pkg']
[2.776s] Level 1:colcon.colcon_core.package_identification:_identify(src/bela_tarr) by extension 'colcon_pkg'
[2.776s] Level 1:colcon.colcon_core.package_identification:_identify(src/bela_tarr) by extensions ['colcon_meta']
[2.776s] Level 1:colcon.colcon_core.package_identification:_identify(src/bela_tarr) by extension 'colcon_meta'
[2.776s] Level 1:colcon.colcon_core.package_identification:_identify(src/bela_tarr) by extensions ['ros']
[2.776s] Level 1:colcon.colcon_core.package_identification:_identify(src/bela_tarr) by extension 'ros'
[2.784s] DEBUG:colcon.colcon_core.package_identification:Package 'src/bela_tarr' with type 'ros.ament_python' and name 'bela_tarr'
[2.784s] Level 1:colcon.colcon_core.package_identification:_identify(src/build) by extensions ['ignore', 'ignore_ament_install']
[2.784s] Level 1:colcon.colcon_core.package_identification:_identify(src/build) by extension 'ignore'
[2.784s] Level 1:colcon.colcon_core.package_identification:_identify(src/build) ignored
[2.785s] Level 1:colcon.colcon_core.package_identification:_identify(src/install) by extensions ['ignore', 'ignore_ament_install']
[2.785s] Level 1:colcon.colcon_core.package_identification:_identify(src/install) by extension 'ignore'
[2.785s] Level 1:colcon.colcon_core.package_identification:_identify(src/install) ignored
[2.785s] Level 1:colcon.colcon_core.package_identification:_identify(src/log) by extensions ['ignore', 'ignore_ament_install']
[2.785s] Level 1:colcon.colcon_core.package_identification:_identify(src/log) by extension 'ignore'
[2.785s] Level 1:colcon.colcon_core.package_identification:_identify(src/log) ignored
[2.785s] Level 1:colcon.colcon_core.package_discovery:discover_packages(recursive) using defaults
[2.785s] Level 1:colcon.colcon_core.package_discovery:discover_packages(ignore) discover
[2.785s] Level 1:colcon.colcon_core.package_discovery:discover_packages(ignore) using defaults
[2.785s] Level 1:colcon.colcon_core.package_discovery:discover_packages(path) discover
[2.786s] Level 1:colcon.colcon_core.package_discovery:discover_packages(path) using defaults
[3.045s] Level 1:colcon.colcon_core.package_discovery:discover_packages(prefix_path) check parameters
[3.046s] Level 1:colcon.colcon_core.package_discovery:discover_packages(prefix_path) discover
[3.121s] DEBUG:colcon.colcon_installed_package_information.package_discovery:Found 1 installed packages in /home/igor/Code/grupo6/src/workspace/install
[3.165s] DEBUG:colcon.colcon_installed_package_information.package_discovery:Found 399 installed packages in /opt/ros/humble
[3.170s] Level 1:colcon.colcon_core.package_discovery:discover_packages(prefix_path) using defaults
[3.522s] Level 5:colcon.colcon_core.verb:set package 'bela_tarr' build argument 'cmake_args' from command line to 'None'
[3.522s] Level 5:colcon.colcon_core.verb:set package 'bela_tarr' build argument 'cmake_target' from command line to 'None'
[3.522s] Level 5:colcon.colcon_core.verb:set package 'bela_tarr' build argument 'cmake_target_skip_unavailable' from command line to 'False'
[3.522s] Level 5:colcon.colcon_core.verb:set package 'bela_tarr' build argument 'cmake_clean_cache' from command line to 'False'
[3.522s] Level 5:colcon.colcon_core.verb:set package 'bela_tarr' build argument 'cmake_clean_first' from command line to 'False'
[3.522s] Level 5:colcon.colcon_core.verb:set package 'bela_tarr' build argument 'cmake_force_configure' from command line to 'False'
[3.522s] Level 5:colcon.colcon_core.verb:set package 'bela_tarr' build argument 'ament_cmake_args' from command line to 'None'
[3.522s] Level 5:colcon.colcon_core.verb:set package 'bela_tarr' build argument 'catkin_cmake_args' from command line to 'None'
[3.522s] Level 5:colcon.colcon_core.verb:set package 'bela_tarr' build argument 'catkin_skip_building_tests' from command line to 'False'
[3.522s] DEBUG:colcon.colcon_core.verb:Building package 'bela_tarr' with the following arguments: {'ament_cmake_args': None, 'build_base': '/home/igor/Code/grupo6/src/workspace/build/bela_tarr', 'catkin_cmake_args': None, 'catkin_skip_building_tests': False, 'cmake_args': None, 'cmake_clean_cache': False, 'cmake_clean_first': False, 'cmake_force_configure': False, 'cmake_target': None, 'cmake_target_skip_unavailable': False, 'install_base': '/home/igor/Code/grupo6/src/workspace/install/bela_tarr', 'merge_install': False, 'path': '/home/igor/Code/grupo6/src/workspace/src/bela_tarr', 'symlink_install': False, 'test_result_base': None}
[3.563s] INFO:colcon.colcon_core.executor:Executing jobs using 'parallel' executor
[3.601s] DEBUG:colcon.colcon_parallel_executor.executor.parallel:run_until_complete
[3.601s] INFO:colcon.colcon_ros.task.ament_python.build:Building ROS package in '/home/igor/Code/grupo6/src/workspace/src/bela_tarr' with build type 'ament_python'
[3.601s] Level 1:colcon.colcon_core.shell:create_environment_hook('bela_tarr', 'ament_prefix_path')
[3.655s] INFO:colcon.colcon_core.plugin_system:Skipping extension 'colcon_core.shell.bat': Not used on non-Windows systems
[3.656s] INFO:colcon.colcon_core.shell:Creating environment hook '/home/igor/Code/grupo6/src/workspace/install/bela_tarr/share/bela_tarr/hook/ament_prefix_path.ps1'
[3.658s] INFO:colcon.colcon_core.shell:Creating environment descriptor '/home/igor/Code/grupo6/src/workspace/install/bela_tarr/share/bela_tarr/hook/ament_prefix_path.dsv'
[3.659s] INFO:colcon.colcon_core.shell:Creating environment hook '/home/igor/Code/grupo6/src/workspace/install/bela_tarr/share/bela_tarr/hook/ament_prefix_path.sh'
[3.698s] INFO:colcon.colcon_core.shell:Skip shell extension 'powershell' for command environment: Not usable outside of PowerShell
[3.698s] DEBUG:colcon.colcon_core.shell:Skip shell extension 'dsv' for command environment
[4.519s] INFO:colcon.colcon_core.task.python.build:Building Python package in '/home/igor/Code/grupo6/src/workspace/src/bela_tarr'
[4.559s] INFO:colcon.colcon_core.shell:Skip shell extension 'powershell' for command environment: Not usable outside of PowerShell
[4.560s] DEBUG:colcon.colcon_core.shell:Skip shell extension 'dsv' for command environment
[5.634s] DEBUG:colcon.colcon_core.event_handler.log_command:Invoking command in '/home/igor/Code/grupo6/src/workspace/src/bela_tarr': PYTHONPATH=/home/igor/Code/grupo6/src/workspace/build/bela_tarr/prefix_override:/home/igor/Code/grupo6/src/workspace/install/bela_tarr/lib/python3.10/site-packages:${PYTHONPATH} /usr/bin/python3 setup.py egg_info --egg-base ../../build/bela_tarr build --build-base /home/igor/Code/grupo6/src/workspace/build/bela_tarr/build install --record /home/igor/Code/grupo6/src/workspace/build/bela_tarr/install.log --single-version-externally-managed
[6.462s] DEBUG:colcon.colcon_core.event_handler.log_command:Invoked command in '/home/igor/Code/grupo6/src/workspace/src/bela_tarr' returned '0': PYTHONPATH=/home/igor/Code/grupo6/src/workspace/build/bela_tarr/prefix_override:/home/igor/Code/grupo6/src/workspace/install/bela_tarr/lib/python3.10/site-packages:${PYTHONPATH} /usr/bin/python3 setup.py egg_info --egg-base ../../build/bela_tarr build --build-base /home/igor/Code/grupo6/src/workspace/build/bela_tarr/build install --record /home/igor/Code/grupo6/src/workspace/build/bela_tarr/install.log --single-version-externally-managed
[6.508s] Level 1:colcon.colcon_core.environment:checking '/home/igor/Code/grupo6/src/workspace/install/bela_tarr' for CMake module files
[6.509s] Level 1:colcon.colcon_core.environment:checking '/home/igor/Code/grupo6/src/workspace/install/bela_tarr' for CMake config files
[6.510s] Level 1:colcon.colcon_core.environment:checking '/home/igor/Code/grupo6/src/workspace/install/bela_tarr/lib'
[6.510s] Level 1:colcon.colcon_core.environment:checking '/home/igor/Code/grupo6/src/workspace/install/bela_tarr/bin'
[6.510s] Level 1:colcon.colcon_core.environment:checking '/home/igor/Code/grupo6/src/workspace/install/bela_tarr/lib/pkgconfig/bela_tarr.pc'
[6.510s] Level 1:colcon.colcon_core.environment:checking '/home/igor/Code/grupo6/src/workspace/install/bela_tarr/lib/python3.10/site-packages'
[6.511s] Level 1:colcon.colcon_core.shell:create_environment_hook('bela_tarr', 'pythonpath')
[6.555s] INFO:colcon.colcon_core.shell:Creating environment hook '/home/igor/Code/grupo6/src/workspace/install/bela_tarr/share/bela_tarr/hook/pythonpath.ps1'
[6.556s] INFO:colcon.colcon_core.shell:Creating environment descriptor '/home/igor/Code/grupo6/src/workspace/install/bela_tarr/share/bela_tarr/hook/pythonpath.dsv'
[6.557s] INFO:colcon.colcon_core.shell:Creating environment hook '/home/igor/Code/grupo6/src/workspace/install/bela_tarr/share/bela_tarr/hook/pythonpath.sh'
[6.559s] Level 1:colcon.colcon_core.environment:checking '/home/igor/Code/grupo6/src/workspace/install/bela_tarr/bin'
[6.559s] Level 1:colcon.colcon_core.environment:create_environment_scripts_only(bela_tarr)
[6.598s] INFO:colcon.colcon_core.shell:Creating package script '/home/igor/Code/grupo6/src/workspace/install/bela_tarr/share/bela_tarr/package.ps1'
[6.601s] INFO:colcon.colcon_core.shell:Creating package descriptor '/home/igor/Code/grupo6/src/workspace/install/bela_tarr/share/bela_tarr/package.dsv'
[6.603s] INFO:colcon.colcon_core.shell:Creating package script '/home/igor/Code/grupo6/src/workspace/install/bela_tarr/share/bela_tarr/package.sh'
[6.606s] INFO:colcon.colcon_core.shell:Creating package script '/home/igor/Code/grupo6/src/workspace/install/bela_tarr/share/bela_tarr/package.bash'
[6.607s] INFO:colcon.colcon_core.shell:Creating package script '/home/igor/Code/grupo6/src/workspace/install/bela_tarr/share/bela_tarr/package.zsh'
[6.608s] Level 1:colcon.colcon_core.environment:create_file_with_runtime_dependencies(/home/igor/Code/grupo6/src/workspace/install/bela_tarr/share/colcon-core/packages/bela_tarr)
[6.609s] DEBUG:colcon.colcon_parallel_executor.executor.parallel:closing loop
[6.609s] DEBUG:colcon.colcon_parallel_executor.executor.parallel:loop closed
[6.610s] DEBUG:colcon.colcon_parallel_executor.executor.parallel:run_until_complete finished with '0'
[6.610s] DEBUG:colcon.colcon_core.event_reactor:joining thread
[6.668s] INFO:colcon.colcon_core.plugin_system:Skipping extension 'colcon_notification.desktop_notification.terminal_notifier': Not used on non-Darwin systems
[6.668s] INFO:colcon.colcon_core.plugin_system:Skipping extension 'colcon_notification.desktop_notification.win32': Not used on non-Windows systems
[6.668s] INFO:colcon.colcon_notification.desktop_notification:Sending desktop notification using 'notify2'
[6.693s] DEBUG:colcon.colcon_core.event_reactor:joined thread
[6.743s] INFO:colcon.colcon_core.shell:Creating prefix script '/home/igor/Code/grupo6/src/workspace/install/local_setup.ps1'
[6.748s] INFO:colcon.colcon_core.shell:Creating prefix util module '/home/igor/Code/grupo6/src/workspace/install/_local_setup_util_ps1.py'
[6.751s] INFO:colcon.colcon_core.shell:Creating prefix chain script '/home/igor/Code/grupo6/src/workspace/install/setup.ps1'
[6.801s] INFO:colcon.colcon_core.shell:Creating prefix script '/home/igor/Code/grupo6/src/workspace/install/local_setup.sh'
[6.802s] INFO:colcon.colcon_core.shell:Creating prefix util module '/home/igor/Code/grupo6/src/workspace/install/_local_setup_util_sh.py'
[6.804s] INFO:colcon.colcon_core.shell:Creating prefix chain script '/home/igor/Code/grupo6/src/workspace/install/setup.sh'
[6.848s] INFO:colcon.colcon_core.shell:Creating prefix script '/home/igor/Code/grupo6/src/workspace/install/local_setup.bash'
[6.850s] INFO:colcon.colcon_core.shell:Creating prefix chain script '/home/igor/Code/grupo6/src/workspace/install/setup.bash'
[6.893s] INFO:colcon.colcon_core.shell:Creating prefix script '/home/igor/Code/grupo6/src/workspace/install/local_setup.zsh'
[6.894s] INFO:colcon.colcon_core.shell:Creating prefix chain script '/home/igor/Code/grupo6/src/workspace/install/setup.zsh'
