[1.762s] Invoking command in '/home/igor/Code/grupo6/src/workspace/src/bela_tarr': PYTHONPATH=/home/igor/Code/grupo6/src/workspace/build/bela_tarr/prefix_override:/home/igor/Code/grupo6/src/workspace/install/bela_tarr/lib/python3.10/site-packages:${PYTHONPATH} /usr/bin/python3 setup.py egg_info --egg-base ../../build/bela_tarr build --build-base /home/igor/Code/grupo6/src/workspace/build/bela_tarr/build install --record /home/igor/Code/grupo6/src/workspace/build/bela_tarr/install.log --single-version-externally-managed
[2.352s] running egg_info
[2.353s] writing ../../build/bela_tarr/bela_tarr.egg-info/PKG-INFO
[2.353s] writing dependency_links to ../../build/bela_tarr/bela_tarr.egg-info/dependency_links.txt
[2.355s] writing entry points to ../../build/bela_tarr/bela_tarr.egg-info/entry_points.txt
[2.358s] writing requirements to ../../build/bela_tarr/bela_tarr.egg-info/requires.txt
[2.359s] writing top-level names to ../../build/bela_tarr/bela_tarr.egg-info/top_level.txt
[2.366s] reading manifest file '../../build/bela_tarr/bela_tarr.egg-info/SOURCES.txt'
[2.367s] writing manifest file '../../build/bela_tarr/bela_tarr.egg-info/SOURCES.txt'
[2.368s] running build
[2.368s] running build_py
[2.368s] copying bela_tarr/movement.py -> /home/igor/Code/grupo6/src/workspace/build/bela_tarr/build/lib/bela_tarr
[2.369s] running install
[2.369s] running install_lib
[2.370s] copying /home/igor/Code/grupo6/src/workspace/build/bela_tarr/build/lib/bela_tarr/movement.py -> /home/igor/Code/grupo6/src/workspace/install/bela_tarr/lib/python3.10/site-packages/bela_tarr
[2.371s] byte-compiling /home/igor/Code/grupo6/src/workspace/install/bela_tarr/lib/python3.10/site-packages/bela_tarr/movement.py to movement.cpython-310.pyc
[2.372s] running install_data
[2.374s] running install_egg_info
[2.378s] removing '/home/igor/Code/grupo6/src/workspace/install/bela_tarr/lib/python3.10/site-packages/bela_tarr-0.0.0-py3.10.egg-info' (and everything under it)
[2.379s] Copying ../../build/bela_tarr/bela_tarr.egg-info to /home/igor/Code/grupo6/src/workspace/install/bela_tarr/lib/python3.10/site-packages/bela_tarr-0.0.0-py3.10.egg-info
[2.382s] running install_scripts
[2.423s] Installing movement script to /home/igor/Code/grupo6/src/workspace/install/bela_tarr/lib/bela_tarr
[2.425s] writing list of installed files to '/home/igor/Code/grupo6/src/workspace/build/bela_tarr/install.log'
[2.484s] Invoked command in '/home/igor/Code/grupo6/src/workspace/src/bela_tarr' returned '0': PYTHONPATH=/home/igor/Code/grupo6/src/workspace/build/bela_tarr/prefix_override:/home/igor/Code/grupo6/src/workspace/install/bela_tarr/lib/python3.10/site-packages:${PYTHONPATH} /usr/bin/python3 setup.py egg_info --egg-base ../../build/bela_tarr build --build-base /home/igor/Code/grupo6/src/workspace/build/bela_tarr/build install --record /home/igor/Code/grupo6/src/workspace/build/bela_tarr/install.log --single-version-externally-managed
