[2.033s] Invoking command in '/home/igor/Code/grupo6/src/workspace/src/bela_tarr': PYTHONPATH=/home/igor/Code/grupo6/src/workspace/build/bela_tarr/prefix_override:/home/igor/Code/grupo6/src/workspace/install/bela_tarr/lib/python3.10/site-packages:${PYTHONPATH} /usr/bin/python3 setup.py egg_info --egg-base ../../build/bela_tarr build --build-base /home/igor/Code/grupo6/src/workspace/build/bela_tarr/build install --record /home/igor/Code/grupo6/src/workspace/build/bela_tarr/install.log --single-version-externally-managed
[2.696s] running egg_info
[2.698s] writing ../../build/bela_tarr/bela_tarr.egg-info/PKG-INFO
[2.700s] writing dependency_links to ../../build/bela_tarr/bela_tarr.egg-info/dependency_links.txt
[2.706s] writing entry points to ../../build/bela_tarr/bela_tarr.egg-info/entry_points.txt
[2.706s] writing requirements to ../../build/bela_tarr/bela_tarr.egg-info/requires.txt
[2.706s] writing top-level names to ../../build/bela_tarr/bela_tarr.egg-info/top_level.txt
[2.713s] reading manifest file '../../build/bela_tarr/bela_tarr.egg-info/SOURCES.txt'
[2.716s] writing manifest file '../../build/bela_tarr/bela_tarr.egg-info/SOURCES.txt'
[2.717s] running build
[2.717s] running build_py
[2.717s] copying bela_tarr/movement.py -> /home/igor/Code/grupo6/src/workspace/build/bela_tarr/build/lib/bela_tarr
[2.718s] running install
[2.719s] running install_lib
[2.720s] copying /home/igor/Code/grupo6/src/workspace/build/bela_tarr/build/lib/bela_tarr/movement.py -> /home/igor/Code/grupo6/src/workspace/install/bela_tarr/lib/python3.10/site-packages/bela_tarr
[2.722s] byte-compiling /home/igor/Code/grupo6/src/workspace/install/bela_tarr/lib/python3.10/site-packages/bela_tarr/movement.py to movement.cpython-310.pyc
[2.724s] running install_data
[2.725s] running install_egg_info
[2.731s] removing '/home/igor/Code/grupo6/src/workspace/install/bela_tarr/lib/python3.10/site-packages/bela_tarr-0.0.0-py3.10.egg-info' (and everything under it)
[2.738s] Copying ../../build/bela_tarr/bela_tarr.egg-info to /home/igor/Code/grupo6/src/workspace/install/bela_tarr/lib/python3.10/site-packages/bela_tarr-0.0.0-py3.10.egg-info
[2.740s] running install_scripts
[2.794s] Installing movement script to /home/igor/Code/grupo6/src/workspace/install/bela_tarr/lib/bela_tarr
[2.796s] writing list of installed files to '/home/igor/Code/grupo6/src/workspace/build/bela_tarr/install.log'
[2.860s] Invoked command in '/home/igor/Code/grupo6/src/workspace/src/bela_tarr' returned '0': PYTHONPATH=/home/igor/Code/grupo6/src/workspace/build/bela_tarr/prefix_override:/home/igor/Code/grupo6/src/workspace/install/bela_tarr/lib/python3.10/site-packages:${PYTHONPATH} /usr/bin/python3 setup.py egg_info --egg-base ../../build/bela_tarr build --build-base /home/igor/Code/grupo6/src/workspace/build/bela_tarr/build install --record /home/igor/Code/grupo6/src/workspace/build/bela_tarr/install.log --single-version-externally-managed
