[1.432s] DEBUG:colcon:Command line arguments: ['/usr/bin/colcon', 'build']
[1.432s] DEBUG:colcon:Parsed command line arguments: Namespace(log_base=None, log_level=None, verb_name='build', build_base='build', install_base='install', merge_install=False, symlink_install=False, test_result_base=None, continue_on_error=False, executor='parallel', parallel_workers=4, event_handlers=None, ignore_user_meta=False, metas=['./colcon.meta'], base_paths=['.'], packages_ignore=None, packages_ignore_regex=None, paths=None, packages_up_to=None, packages_up_to_regex=None, packages_above=None, packages_above_and_dependencies=None, packages_above_depth=None, packages_select_by_dep=None, packages_skip_by_dep=None, packages_skip_up_to=None, packages_select_build_failed=False, packages_skip_build_finished=False, packages_select_test_failures=False, packages_skip_test_passed=False, packages_select=None, packages_skip=None, packages_select_regex=None, packages_skip_regex=None, packages_start=None, packages_end=None, allow_overriding=[], cmake_args=None, cmake_target=None, cmake_target_skip_unavailable=False, cmake_clean_cache=False, cmake_clean_first=False, cmake_force_configure=False, ament_cmake_args=None, catkin_cmake_args=None, catkin_skip_building_tests=False, verb_parser=<colcon_defaults.argument_parser.defaults.DefaultArgumentsDecorator object at 0x7f151a8ca8f0>, verb_extension=<colcon_core.verb.build.BuildVerb object at 0x7f151ad3c220>, main=<bound method BuildVerb.main of <colcon_core.verb.build.BuildVerb object at 0x7f151ad3c220>>)
[1.495s] Level 1:colcon.colcon_core.package_discovery:discover_packages(colcon_meta) check parameters
[1.495s] Level 1:colcon.colcon_core.package_discovery:discover_packages(recursive) check parameters
[1.495s] Level 1:colcon.colcon_core.package_discovery:discover_packages(ignore) check parameters
[1.495s] Level 1:colcon.colcon_core.package_discovery:discover_packages(path) check parameters
[1.495s] Level 1:colcon.colcon_core.package_discovery:discover_packages(colcon_meta) discover
[1.495s] Level 1:colcon.colcon_core.package_discovery:discover_packages(recursive) discover
[1.495s] INFO:colcon.colcon_core.package_discovery:Crawling recursively for packages in '/home/igor/Code/grupo6/src/workspace/src'
[1.496s] Level 1:colcon.colcon_core.package_identification:_identify(.) by extensions ['ignore', 'ignore_ament_install']
[1.496s] Level 1:colcon.colcon_core.package_identification:_identify(.) by extension 'ignore'
[1.496s] Level 1:colcon.colcon_core.package_identification:_identify(.) by extension 'ignore_ament_install'
[1.496s] Level 1:colcon.colcon_core.package_identification:_identify(.) by extensions ['colcon_pkg']
[1.496s] Level 1:colcon.colcon_core.package_identification:_identify(.) by extension 'colcon_pkg'
[1.496s] Level 1:colcon.colcon_core.package_identification:_identify(.) by extensions ['colcon_meta']
[1.496s] Level 1:colcon.colcon_core.package_identification:_identify(.) by extension 'colcon_meta'
[1.496s] Level 1:colcon.colcon_core.package_identification:_identify(.) by extensions ['ros']
[1.496s] Level 1:colcon.colcon_core.package_identification:_identify(.) by extension 'ros'
[1.510s] Level 1:colcon.colcon_core.package_identification:_identify(.) by extensions ['cmake', 'python']
[1.510s] Level 1:colcon.colcon_core.package_identification:_identify(.) by extension 'cmake'
[1.510s] Level 1:colcon.colcon_core.package_identification:_identify(.) by extension 'python'
[1.510s] Level 1:colcon.colcon_core.package_identification:_identify(.) by extensions ['python_setup_py']
[1.510s] Level 1:colcon.colcon_core.package_identification:_identify(.) by extension 'python_setup_py'
[1.511s] Level 1:colcon.colcon_core.package_identification:_identify(bela_tarr) by extensions ['ignore', 'ignore_ament_install']
[1.511s] Level 1:colcon.colcon_core.package_identification:_identify(bela_tarr) by extension 'ignore'
[1.511s] Level 1:colcon.colcon_core.package_identification:_identify(bela_tarr) by extension 'ignore_ament_install'
[1.511s] Level 1:colcon.colcon_core.package_identification:_identify(bela_tarr) by extensions ['colcon_pkg']
[1.511s] Level 1:colcon.colcon_core.package_identification:_identify(bela_tarr) by extension 'colcon_pkg'
[1.511s] Level 1:colcon.colcon_core.package_identification:_identify(bela_tarr) by extensions ['colcon_meta']
[1.511s] Level 1:colcon.colcon_core.package_identification:_identify(bela_tarr) by extension 'colcon_meta'
[1.511s] Level 1:colcon.colcon_core.package_identification:_identify(bela_tarr) by extensions ['ros']
[1.511s] Level 1:colcon.colcon_core.package_identification:_identify(bela_tarr) by extension 'ros'
[1.514s] DEBUG:colcon.colcon_core.package_identification:Package 'bela_tarr' with type 'ros.ament_python' and name 'bela_tarr'
[1.514s] Level 1:colcon.colcon_core.package_identification:_identify(build) by extensions ['ignore', 'ignore_ament_install']
[1.514s] Level 1:colcon.colcon_core.package_identification:_identify(build) by extension 'ignore'
[1.514s] Level 1:colcon.colcon_core.package_identification:_identify(build) ignored
[1.515s] Level 1:colcon.colcon_core.package_identification:_identify(install) by extensions ['ignore', 'ignore_ament_install']
[1.515s] Level 1:colcon.colcon_core.package_identification:_identify(install) by extension 'ignore'
[1.515s] Level 1:colcon.colcon_core.package_identification:_identify(install) ignored
[1.515s] Level 1:colcon.colcon_core.package_identification:_identify(log) by extensions ['ignore', 'ignore_ament_install']
[1.515s] Level 1:colcon.colcon_core.package_identification:_identify(log) by extension 'ignore'
[1.515s] Level 1:colcon.colcon_core.package_identification:_identify(log) ignored
[1.515s] Level 1:colcon.colcon_core.package_discovery:discover_packages(recursive) using defaults
[1.515s] Level 1:colcon.colcon_core.package_discovery:discover_packages(ignore) discover
[1.515s] Level 1:colcon.colcon_core.package_discovery:discover_packages(ignore) using defaults
[1.515s] Level 1:colcon.colcon_core.package_discovery:discover_packages(path) discover
[1.515s] Level 1:colcon.colcon_core.package_discovery:discover_packages(path) using defaults
[1.643s] Level 1:colcon.colcon_core.package_discovery:discover_packages(prefix_path) check parameters
[1.643s] Level 1:colcon.colcon_core.package_discovery:discover_packages(prefix_path) discover
[1.665s] WARNING:colcon.colcon_ros.prefix_path.ament:The path '/home/igor/Code/grupo6/src/workspace/src/install/jurassic_bot' in the environment variable AMENT_PREFIX_PATH doesn't exist
[1.687s] DEBUG:colcon.colcon_installed_package_information.package_discovery:Found 1 installed packages in /home/igor/Code/grupo6/src/workspace/src/install
[1.709s] DEBUG:colcon.colcon_installed_package_information.package_discovery:Found 0 installed packages in /home/igor/Code/grupo6/src/workspace/install
[1.732s] DEBUG:colcon.colcon_installed_package_information.package_discovery:Found 399 installed packages in /opt/ros/humble
[1.745s] Level 1:colcon.colcon_core.package_discovery:discover_packages(prefix_path) using defaults
[1.894s] Level 5:colcon.colcon_core.verb:set package 'bela_tarr' build argument 'cmake_args' from command line to 'None'
[1.894s] Level 5:colcon.colcon_core.verb:set package 'bela_tarr' build argument 'cmake_target' from command line to 'None'
[1.894s] Level 5:colcon.colcon_core.verb:set package 'bela_tarr' build argument 'cmake_target_skip_unavailable' from command line to 'False'
[1.894s] Level 5:colcon.colcon_core.verb:set package 'bela_tarr' build argument 'cmake_clean_cache' from command line to 'False'
[1.894s] Level 5:colcon.colcon_core.verb:set package 'bela_tarr' build argument 'cmake_clean_first' from command line to 'False'
[1.894s] Level 5:colcon.colcon_core.verb:set package 'bela_tarr' build argument 'cmake_force_configure' from command line to 'False'
[1.894s] Level 5:colcon.colcon_core.verb:set package 'bela_tarr' build argument 'ament_cmake_args' from command line to 'None'
[1.894s] Level 5:colcon.colcon_core.verb:set package 'bela_tarr' build argument 'catkin_cmake_args' from command line to 'None'
[1.894s] Level 5:colcon.colcon_core.verb:set package 'bela_tarr' build argument 'catkin_skip_building_tests' from command line to 'False'
[1.894s] DEBUG:colcon.colcon_core.verb:Building package 'bela_tarr' with the following arguments: {'ament_cmake_args': None, 'build_base': '/home/igor/Code/grupo6/src/workspace/src/build/bela_tarr', 'catkin_cmake_args': None, 'catkin_skip_building_tests': False, 'cmake_args': None, 'cmake_clean_cache': False, 'cmake_clean_first': False, 'cmake_force_configure': False, 'cmake_target': None, 'cmake_target_skip_unavailable': False, 'install_base': '/home/igor/Code/grupo6/src/workspace/src/install/bela_tarr', 'merge_install': False, 'path': '/home/igor/Code/grupo6/src/workspace/src/bela_tarr', 'symlink_install': False, 'test_result_base': None}
[1.915s] INFO:colcon.colcon_core.executor:Executing jobs using 'parallel' executor
[1.936s] DEBUG:colcon.colcon_parallel_executor.executor.parallel:run_until_complete
[1.937s] INFO:colcon.colcon_ros.task.ament_python.build:Building ROS package in '/home/igor/Code/grupo6/src/workspace/src/bela_tarr' with build type 'ament_python'
[1.937s] Level 1:colcon.colcon_core.shell:create_environment_hook('bela_tarr', 'ament_prefix_path')
[1.963s] INFO:colcon.colcon_core.plugin_system:Skipping extension 'colcon_core.shell.bat': Not used on non-Windows systems
[1.963s] INFO:colcon.colcon_core.shell:Creating environment hook '/home/igor/Code/grupo6/src/workspace/src/install/bela_tarr/share/bela_tarr/hook/ament_prefix_path.ps1'
[1.964s] INFO:colcon.colcon_core.shell:Creating environment descriptor '/home/igor/Code/grupo6/src/workspace/src/install/bela_tarr/share/bela_tarr/hook/ament_prefix_path.dsv'
[1.967s] INFO:colcon.colcon_core.shell:Creating environment hook '/home/igor/Code/grupo6/src/workspace/src/install/bela_tarr/share/bela_tarr/hook/ament_prefix_path.sh'
[1.990s] INFO:colcon.colcon_core.shell:Skip shell extension 'powershell' for command environment: Not usable outside of PowerShell
[1.990s] DEBUG:colcon.colcon_core.shell:Skip shell extension 'dsv' for command environment
[2.445s] INFO:colcon.colcon_core.task.python.build:Building Python package in '/home/igor/Code/grupo6/src/workspace/src/bela_tarr'
[2.466s] INFO:colcon.colcon_core.shell:Skip shell extension 'powershell' for command environment: Not usable outside of PowerShell
[2.466s] DEBUG:colcon.colcon_core.shell:Skip shell extension 'dsv' for command environment
[3.072s] DEBUG:colcon.colcon_core.event_handler.log_command:Invoking command in '/home/igor/Code/grupo6/src/workspace/src/bela_tarr': PYTHONPATH=/home/igor/Code/grupo6/src/workspace/src/build/bela_tarr/prefix_override:/home/igor/Code/grupo6/src/workspace/src/install/bela_tarr/lib/python3.10/site-packages:${PYTHONPATH} /usr/bin/python3 setup.py egg_info --egg-base ../build/bela_tarr build --build-base /home/igor/Code/grupo6/src/workspace/src/build/bela_tarr/build install --record /home/igor/Code/grupo6/src/workspace/src/build/bela_tarr/install.log --single-version-externally-managed
[3.500s] DEBUG:colcon.colcon_core.event_handler.log_command:Invoked command in '/home/igor/Code/grupo6/src/workspace/src/bela_tarr' returned '0': PYTHONPATH=/home/igor/Code/grupo6/src/workspace/src/build/bela_tarr/prefix_override:/home/igor/Code/grupo6/src/workspace/src/install/bela_tarr/lib/python3.10/site-packages:${PYTHONPATH} /usr/bin/python3 setup.py egg_info --egg-base ../build/bela_tarr build --build-base /home/igor/Code/grupo6/src/workspace/src/build/bela_tarr/build install --record /home/igor/Code/grupo6/src/workspace/src/build/bela_tarr/install.log --single-version-externally-managed
[3.537s] Level 1:colcon.colcon_core.environment:checking '/home/igor/Code/grupo6/src/workspace/src/install/bela_tarr' for CMake module files
[3.538s] Level 1:colcon.colcon_core.environment:checking '/home/igor/Code/grupo6/src/workspace/src/install/bela_tarr' for CMake config files
[3.540s] Level 1:colcon.colcon_core.environment:checking '/home/igor/Code/grupo6/src/workspace/src/install/bela_tarr/lib'
[3.540s] Level 1:colcon.colcon_core.environment:checking '/home/igor/Code/grupo6/src/workspace/src/install/bela_tarr/bin'
[3.540s] Level 1:colcon.colcon_core.environment:checking '/home/igor/Code/grupo6/src/workspace/src/install/bela_tarr/lib/pkgconfig/bela_tarr.pc'
[3.541s] Level 1:colcon.colcon_core.environment:checking '/home/igor/Code/grupo6/src/workspace/src/install/bela_tarr/lib/python3.10/site-packages'
[3.541s] Level 1:colcon.colcon_core.shell:create_environment_hook('bela_tarr', 'pythonpath')
[3.563s] INFO:colcon.colcon_core.shell:Creating environment hook '/home/igor/Code/grupo6/src/workspace/src/install/bela_tarr/share/bela_tarr/hook/pythonpath.ps1'
[3.564s] INFO:colcon.colcon_core.shell:Creating environment descriptor '/home/igor/Code/grupo6/src/workspace/src/install/bela_tarr/share/bela_tarr/hook/pythonpath.dsv'
[3.565s] INFO:colcon.colcon_core.shell:Creating environment hook '/home/igor/Code/grupo6/src/workspace/src/install/bela_tarr/share/bela_tarr/hook/pythonpath.sh'
[3.567s] Level 1:colcon.colcon_core.environment:checking '/home/igor/Code/grupo6/src/workspace/src/install/bela_tarr/bin'
[3.567s] Level 1:colcon.colcon_core.environment:create_environment_scripts_only(bela_tarr)
[3.588s] INFO:colcon.colcon_core.shell:Creating package script '/home/igor/Code/grupo6/src/workspace/src/install/bela_tarr/share/bela_tarr/package.ps1'
[3.589s] INFO:colcon.colcon_core.shell:Creating package descriptor '/home/igor/Code/grupo6/src/workspace/src/install/bela_tarr/share/bela_tarr/package.dsv'
[3.591s] INFO:colcon.colcon_core.shell:Creating package script '/home/igor/Code/grupo6/src/workspace/src/install/bela_tarr/share/bela_tarr/package.sh'
[3.592s] INFO:colcon.colcon_core.shell:Creating package script '/home/igor/Code/grupo6/src/workspace/src/install/bela_tarr/share/bela_tarr/package.bash'
[3.593s] INFO:colcon.colcon_core.shell:Creating package script '/home/igor/Code/grupo6/src/workspace/src/install/bela_tarr/share/bela_tarr/package.zsh'
[3.594s] Level 1:colcon.colcon_core.environment:create_file_with_runtime_dependencies(/home/igor/Code/grupo6/src/workspace/src/install/bela_tarr/share/colcon-core/packages/bela_tarr)
[3.595s] DEBUG:colcon.colcon_parallel_executor.executor.parallel:closing loop
[3.596s] DEBUG:colcon.colcon_parallel_executor.executor.parallel:loop closed
[3.596s] DEBUG:colcon.colcon_parallel_executor.executor.parallel:run_until_complete finished with '0'
[3.596s] DEBUG:colcon.colcon_core.event_reactor:joining thread
[3.627s] INFO:colcon.colcon_core.plugin_system:Skipping extension 'colcon_notification.desktop_notification.terminal_notifier': Not used on non-Darwin systems
[3.627s] INFO:colcon.colcon_core.plugin_system:Skipping extension 'colcon_notification.desktop_notification.win32': Not used on non-Windows systems
[3.627s] INFO:colcon.colcon_notification.desktop_notification:Sending desktop notification using 'notify2'
[3.641s] DEBUG:colcon.colcon_core.event_reactor:joined thread
[3.663s] INFO:colcon.colcon_core.shell:Creating prefix script '/home/igor/Code/grupo6/src/workspace/src/install/local_setup.ps1'
[3.664s] INFO:colcon.colcon_core.shell:Creating prefix util module '/home/igor/Code/grupo6/src/workspace/src/install/_local_setup_util_ps1.py'
[3.666s] INFO:colcon.colcon_core.shell:Creating prefix chain script '/home/igor/Code/grupo6/src/workspace/src/install/setup.ps1'
[3.689s] INFO:colcon.colcon_core.shell:Creating prefix script '/home/igor/Code/grupo6/src/workspace/src/install/local_setup.sh'
[3.690s] INFO:colcon.colcon_core.shell:Creating prefix util module '/home/igor/Code/grupo6/src/workspace/src/install/_local_setup_util_sh.py'
[3.691s] INFO:colcon.colcon_core.shell:Creating prefix chain script '/home/igor/Code/grupo6/src/workspace/src/install/setup.sh'
[3.718s] INFO:colcon.colcon_core.shell:Creating prefix script '/home/igor/Code/grupo6/src/workspace/src/install/local_setup.bash'
[3.719s] INFO:colcon.colcon_core.shell:Creating prefix chain script '/home/igor/Code/grupo6/src/workspace/src/install/setup.bash'
[3.742s] INFO:colcon.colcon_core.shell:Creating prefix script '/home/igor/Code/grupo6/src/workspace/src/install/local_setup.zsh'
[3.744s] INFO:colcon.colcon_core.shell:Creating prefix chain script '/home/igor/Code/grupo6/src/workspace/src/install/setup.zsh'
