[1.134s] Invoking command in '/home/igor/Code/grupo6/src/workspace/src/bela_tarr': PYTHONPATH=/home/igor/Code/grupo6/src/workspace/src/build/bela_tarr/prefix_override:/home/igor/Code/grupo6/src/workspace/src/install/bela_tarr/lib/python3.10/site-packages:${PYTHONPATH} /usr/bin/python3 setup.py egg_info --egg-base ../build/bela_tarr build --build-base /home/igor/Code/grupo6/src/workspace/src/build/bela_tarr/build install --record /home/igor/Code/grupo6/src/workspace/src/build/bela_tarr/install.log --single-version-externally-managed
[1.479s] running egg_info
[1.483s] writing ../build/bela_tarr/bela_tarr.egg-info/PKG-INFO
[1.484s] writing dependency_links to ../build/bela_tarr/bela_tarr.egg-info/dependency_links.txt
[1.485s] writing entry points to ../build/bela_tarr/bela_tarr.egg-info/entry_points.txt
[1.486s] writing requirements to ../build/bela_tarr/bela_tarr.egg-info/requires.txt
[1.487s] writing top-level names to ../build/bela_tarr/bela_tarr.egg-info/top_level.txt
[1.491s] reading manifest file '../build/bela_tarr/bela_tarr.egg-info/SOURCES.txt'
[1.492s] writing manifest file '../build/bela_tarr/bela_tarr.egg-info/SOURCES.txt'
[1.492s] running build
[1.492s] running build_py
[1.492s] running install
[1.493s] running install_lib
[1.494s] running install_data
[1.495s] copying launch/mapping_launch.py -> /home/igor/Code/grupo6/src/workspace/src/install/bela_tarr/share/bela_tarr/launch
[1.495s] running install_egg_info
[1.497s] removing '/home/igor/Code/grupo6/src/workspace/src/install/bela_tarr/lib/python3.10/site-packages/bela_tarr-0.0.0-py3.10.egg-info' (and everything under it)
[1.498s] Copying ../build/bela_tarr/bela_tarr.egg-info to /home/igor/Code/grupo6/src/workspace/src/install/bela_tarr/lib/python3.10/site-packages/bela_tarr-0.0.0-py3.10.egg-info
[1.499s] running install_scripts
[1.526s] Installing movement script to /home/igor/Code/grupo6/src/workspace/src/install/bela_tarr/lib/bela_tarr
[1.526s] writing list of installed files to '/home/igor/Code/grupo6/src/workspace/src/build/bela_tarr/install.log'
[1.562s] Invoked command in '/home/igor/Code/grupo6/src/workspace/src/bela_tarr' returned '0': PYTHONPATH=/home/igor/Code/grupo6/src/workspace/src/build/bela_tarr/prefix_override:/home/igor/Code/grupo6/src/workspace/src/install/bela_tarr/lib/python3.10/site-packages:${PYTHONPATH} /usr/bin/python3 setup.py egg_info --egg-base ../build/bela_tarr build --build-base /home/igor/Code/grupo6/src/workspace/src/build/bela_tarr/build install --record /home/igor/Code/grupo6/src/workspace/src/build/bela_tarr/install.log --single-version-externally-managed
