[1.570s] DEBUG:colcon:Command line arguments: ['/usr/bin/colcon', 'build']
[1.570s] DEBUG:colcon:Parsed command line arguments: Namespace(log_base=None, log_level=None, verb_name='build', build_base='build', install_base='install', merge_install=False, symlink_install=False, test_result_base=None, continue_on_error=False, executor='parallel', parallel_workers=4, event_handlers=None, ignore_user_meta=False, metas=['./colcon.meta'], base_paths=['.'], packages_ignore=None, packages_ignore_regex=None, paths=None, packages_up_to=None, packages_up_to_regex=None, packages_above=None, packages_above_and_dependencies=None, packages_above_depth=None, packages_select_by_dep=None, packages_skip_by_dep=None, packages_skip_up_to=None, packages_select_build_failed=False, packages_skip_build_finished=False, packages_select_test_failures=False, packages_skip_test_passed=False, packages_select=None, packages_skip=None, packages_select_regex=None, packages_skip_regex=None, packages_start=None, packages_end=None, allow_overriding=[], cmake_args=None, cmake_target=None, cmake_target_skip_unavailable=False, cmake_clean_cache=False, cmake_clean_first=False, cmake_force_configure=False, ament_cmake_args=None, catkin_cmake_args=None, catkin_skip_building_tests=False, verb_parser=<colcon_defaults.argument_parser.defaults.DefaultArgumentsDecorator object at 0x7f052bcecc70>, verb_extension=<colcon_core.verb.build.BuildVerb object at 0x7f052bf35030>, main=<bound method BuildVerb.main of <colcon_core.verb.build.BuildVerb object at 0x7f052bf35030>>)
[1.640s] Level 1:colcon.colcon_core.package_discovery:discover_packages(colcon_meta) check parameters
[1.641s] Level 1:colcon.colcon_core.package_discovery:discover_packages(recursive) check parameters
[1.641s] Level 1:colcon.colcon_core.package_discovery:discover_packages(ignore) check parameters
[1.641s] Level 1:colcon.colcon_core.package_discovery:discover_packages(path) check parameters
[1.641s] Level 1:colcon.colcon_core.package_discovery:discover_packages(colcon_meta) discover
[1.641s] Level 1:colcon.colcon_core.package_discovery:discover_packages(recursive) discover
[1.641s] INFO:colcon.colcon_core.package_discovery:Crawling recursively for packages in '/home/igor/Code/grupo6/src/workspace'
[1.641s] Level 1:colcon.colcon_core.package_identification:_identify(.) by extensions ['ignore', 'ignore_ament_install']
[1.641s] Level 1:colcon.colcon_core.package_identification:_identify(.) by extension 'ignore'
[1.641s] Level 1:colcon.colcon_core.package_identification:_identify(.) by extension 'ignore_ament_install'
[1.641s] Level 1:colcon.colcon_core.package_identification:_identify(.) by extensions ['colcon_pkg']
[1.642s] Level 1:colcon.colcon_core.package_identification:_identify(.) by extension 'colcon_pkg'
[1.642s] Level 1:colcon.colcon_core.package_identification:_identify(.) by extensions ['colcon_meta']
[1.642s] Level 1:colcon.colcon_core.package_identification:_identify(.) by extension 'colcon_meta'
[1.642s] Level 1:colcon.colcon_core.package_identification:_identify(.) by extensions ['ros']
[1.642s] Level 1:colcon.colcon_core.package_identification:_identify(.) by extension 'ros'
[1.673s] Level 1:colcon.colcon_core.package_identification:_identify(.) by extensions ['cmake', 'python']
[1.673s] Level 1:colcon.colcon_core.package_identification:_identify(.) by extension 'cmake'
[1.673s] Level 1:colcon.colcon_core.package_identification:_identify(.) by extension 'python'
[1.673s] Level 1:colcon.colcon_core.package_identification:_identify(.) by extensions ['python_setup_py']
[1.674s] Level 1:colcon.colcon_core.package_identification:_identify(.) by extension 'python_setup_py'
[1.674s] Level 1:colcon.colcon_core.package_identification:_identify(build) by extensions ['ignore', 'ignore_ament_install']
[1.674s] Level 1:colcon.colcon_core.package_identification:_identify(build) by extension 'ignore'
[1.674s] Level 1:colcon.colcon_core.package_identification:_identify(build) ignored
[1.674s] Level 1:colcon.colcon_core.package_identification:_identify(install) by extensions ['ignore', 'ignore_ament_install']
[1.675s] Level 1:colcon.colcon_core.package_identification:_identify(install) by extension 'ignore'
[1.675s] Level 1:colcon.colcon_core.package_identification:_identify(install) ignored
[1.675s] Level 1:colcon.colcon_core.package_identification:_identify(log) by extensions ['ignore', 'ignore_ament_install']
[1.675s] Level 1:colcon.colcon_core.package_identification:_identify(log) by extension 'ignore'
[1.675s] Level 1:colcon.colcon_core.package_identification:_identify(log) ignored
[1.675s] Level 1:colcon.colcon_core.package_identification:_identify(src) by extensions ['ignore', 'ignore_ament_install']
[1.676s] Level 1:colcon.colcon_core.package_identification:_identify(src) by extension 'ignore'
[1.676s] Level 1:colcon.colcon_core.package_identification:_identify(src) by extension 'ignore_ament_install'
[1.676s] Level 1:colcon.colcon_core.package_identification:_identify(src) by extensions ['colcon_pkg']
[1.676s] Level 1:colcon.colcon_core.package_identification:_identify(src) by extension 'colcon_pkg'
[1.676s] Level 1:colcon.colcon_core.package_identification:_identify(src) by extensions ['colcon_meta']
[1.676s] Level 1:colcon.colcon_core.package_identification:_identify(src) by extension 'colcon_meta'
[1.676s] Level 1:colcon.colcon_core.package_identification:_identify(src) by extensions ['ros']
[1.676s] Level 1:colcon.colcon_core.package_identification:_identify(src) by extension 'ros'
[1.677s] Level 1:colcon.colcon_core.package_identification:_identify(src) by extensions ['cmake', 'python']
[1.677s] Level 1:colcon.colcon_core.package_identification:_identify(src) by extension 'cmake'
[1.677s] Level 1:colcon.colcon_core.package_identification:_identify(src) by extension 'python'
[1.677s] Level 1:colcon.colcon_core.package_identification:_identify(src) by extensions ['python_setup_py']
[1.677s] Level 1:colcon.colcon_core.package_identification:_identify(src) by extension 'python_setup_py'
[1.677s] Level 1:colcon.colcon_core.package_identification:_identify(src/bela_tarr) by extensions ['ignore', 'ignore_ament_install']
[1.677s] Level 1:colcon.colcon_core.package_identification:_identify(src/bela_tarr) by extension 'ignore'
[1.678s] Level 1:colcon.colcon_core.package_identification:_identify(src/bela_tarr) by extension 'ignore_ament_install'
[1.678s] Level 1:colcon.colcon_core.package_identification:_identify(src/bela_tarr) by extensions ['colcon_pkg']
[1.678s] Level 1:colcon.colcon_core.package_identification:_identify(src/bela_tarr) by extension 'colcon_pkg'
[1.678s] Level 1:colcon.colcon_core.package_identification:_identify(src/bela_tarr) by extensions ['colcon_meta']
[1.678s] Level 1:colcon.colcon_core.package_identification:_identify(src/bela_tarr) by extension 'colcon_meta'
[1.678s] Level 1:colcon.colcon_core.package_identification:_identify(src/bela_tarr) by extensions ['ros']
[1.678s] Level 1:colcon.colcon_core.package_identification:_identify(src/bela_tarr) by extension 'ros'
[1.684s] DEBUG:colcon.colcon_core.package_identification:Package 'src/bela_tarr' with type 'ros.ament_python' and name 'bela_tarr'
[1.685s] Level 1:colcon.colcon_core.package_identification:_identify(src/build) by extensions ['ignore', 'ignore_ament_install']
[1.685s] Level 1:colcon.colcon_core.package_identification:_identify(src/build) by extension 'ignore'
[1.685s] Level 1:colcon.colcon_core.package_identification:_identify(src/build) ignored
[1.685s] Level 1:colcon.colcon_core.package_identification:_identify(src/install) by extensions ['ignore', 'ignore_ament_install']
[1.686s] Level 1:colcon.colcon_core.package_identification:_identify(src/install) by extension 'ignore'
[1.686s] Level 1:colcon.colcon_core.package_identification:_identify(src/install) ignored
[1.686s] Level 1:colcon.colcon_core.package_identification:_identify(src/log) by extensions ['ignore', 'ignore_ament_install']
[1.686s] Level 1:colcon.colcon_core.package_identification:_identify(src/log) by extension 'ignore'
[1.686s] Level 1:colcon.colcon_core.package_identification:_identify(src/log) ignored
[1.686s] Level 1:colcon.colcon_core.package_discovery:discover_packages(recursive) using defaults
[1.686s] Level 1:colcon.colcon_core.package_discovery:discover_packages(ignore) discover
[1.687s] Level 1:colcon.colcon_core.package_discovery:discover_packages(ignore) using defaults
[1.687s] Level 1:colcon.colcon_core.package_discovery:discover_packages(path) discover
[1.687s] Level 1:colcon.colcon_core.package_discovery:discover_packages(path) using defaults
[1.834s] Level 1:colcon.colcon_core.package_discovery:discover_packages(prefix_path) check parameters
[1.835s] Level 1:colcon.colcon_core.package_discovery:discover_packages(prefix_path) discover
[1.886s] DEBUG:colcon.colcon_installed_package_information.package_discovery:Found 399 installed packages in /opt/ros/humble
[1.889s] Level 1:colcon.colcon_core.package_discovery:discover_packages(prefix_path) using defaults
[2.071s] Level 5:colcon.colcon_core.verb:set package 'bela_tarr' build argument 'cmake_args' from command line to 'None'
[2.071s] Level 5:colcon.colcon_core.verb:set package 'bela_tarr' build argument 'cmake_target' from command line to 'None'
[2.071s] Level 5:colcon.colcon_core.verb:set package 'bela_tarr' build argument 'cmake_target_skip_unavailable' from command line to 'False'
[2.071s] Level 5:colcon.colcon_core.verb:set package 'bela_tarr' build argument 'cmake_clean_cache' from command line to 'False'
[2.071s] Level 5:colcon.colcon_core.verb:set package 'bela_tarr' build argument 'cmake_clean_first' from command line to 'False'
[2.071s] Level 5:colcon.colcon_core.verb:set package 'bela_tarr' build argument 'cmake_force_configure' from command line to 'False'
[2.071s] Level 5:colcon.colcon_core.verb:set package 'bela_tarr' build argument 'ament_cmake_args' from command line to 'None'
[2.071s] Level 5:colcon.colcon_core.verb:set package 'bela_tarr' build argument 'catkin_cmake_args' from command line to 'None'
[2.071s] Level 5:colcon.colcon_core.verb:set package 'bela_tarr' build argument 'catkin_skip_building_tests' from command line to 'False'
[2.071s] DEBUG:colcon.colcon_core.verb:Building package 'bela_tarr' with the following arguments: {'ament_cmake_args': None, 'build_base': '/home/igor/Code/grupo6/src/workspace/build/bela_tarr', 'catkin_cmake_args': None, 'catkin_skip_building_tests': False, 'cmake_args': None, 'cmake_clean_cache': False, 'cmake_clean_first': False, 'cmake_force_configure': False, 'cmake_target': None, 'cmake_target_skip_unavailable': False, 'install_base': '/home/igor/Code/grupo6/src/workspace/install/bela_tarr', 'merge_install': False, 'path': '/home/igor/Code/grupo6/src/workspace/src/bela_tarr', 'symlink_install': False, 'test_result_base': None}
[2.095s] INFO:colcon.colcon_core.executor:Executing jobs using 'parallel' executor
[2.120s] DEBUG:colcon.colcon_parallel_executor.executor.parallel:run_until_complete
[2.120s] INFO:colcon.colcon_ros.task.ament_python.build:Building ROS package in '/home/igor/Code/grupo6/src/workspace/src/bela_tarr' with build type 'ament_python'
[2.121s] Level 1:colcon.colcon_core.shell:create_environment_hook('bela_tarr', 'ament_prefix_path')
[2.147s] INFO:colcon.colcon_core.plugin_system:Skipping extension 'colcon_core.shell.bat': Not used on non-Windows systems
[2.148s] INFO:colcon.colcon_core.shell:Creating environment hook '/home/igor/Code/grupo6/src/workspace/install/bela_tarr/share/bela_tarr/hook/ament_prefix_path.ps1'
[2.149s] INFO:colcon.colcon_core.shell:Creating environment descriptor '/home/igor/Code/grupo6/src/workspace/install/bela_tarr/share/bela_tarr/hook/ament_prefix_path.dsv'
[2.150s] INFO:colcon.colcon_core.shell:Creating environment hook '/home/igor/Code/grupo6/src/workspace/install/bela_tarr/share/bela_tarr/hook/ament_prefix_path.sh'
[2.177s] INFO:colcon.colcon_core.shell:Skip shell extension 'powershell' for command environment: Not usable outside of PowerShell
[2.177s] DEBUG:colcon.colcon_core.shell:Skip shell extension 'dsv' for command environment
[2.693s] INFO:colcon.colcon_core.task.python.build:Building Python package in '/home/igor/Code/grupo6/src/workspace/src/bela_tarr'
[2.714s] INFO:colcon.colcon_core.shell:Skip shell extension 'powershell' for command environment: Not usable outside of PowerShell
[2.714s] DEBUG:colcon.colcon_core.shell:Skip shell extension 'dsv' for command environment
[3.490s] DEBUG:colcon.colcon_core.event_handler.log_command:Invoking command in '/home/igor/Code/grupo6/src/workspace/src/bela_tarr': PYTHONPATH=/home/igor/Code/grupo6/src/workspace/build/bela_tarr/prefix_override:/home/igor/Code/grupo6/src/workspace/install/bela_tarr/lib/python3.10/site-packages:${PYTHONPATH} /usr/bin/python3 setup.py egg_info --egg-base ../../build/bela_tarr build --build-base /home/igor/Code/grupo6/src/workspace/build/bela_tarr/build install --record /home/igor/Code/grupo6/src/workspace/build/bela_tarr/install.log --single-version-externally-managed
[3.971s] DEBUG:colcon.colcon_core.event_handler.log_command:Invoked command in '/home/igor/Code/grupo6/src/workspace/src/bela_tarr' returned '0': PYTHONPATH=/home/igor/Code/grupo6/src/workspace/build/bela_tarr/prefix_override:/home/igor/Code/grupo6/src/workspace/install/bela_tarr/lib/python3.10/site-packages:${PYTHONPATH} /usr/bin/python3 setup.py egg_info --egg-base ../../build/bela_tarr build --build-base /home/igor/Code/grupo6/src/workspace/build/bela_tarr/build install --record /home/igor/Code/grupo6/src/workspace/build/bela_tarr/install.log --single-version-externally-managed
[3.996s] Level 1:colcon.colcon_core.environment:checking '/home/igor/Code/grupo6/src/workspace/install/bela_tarr' for CMake module files
[3.997s] Level 1:colcon.colcon_core.environment:checking '/home/igor/Code/grupo6/src/workspace/install/bela_tarr' for CMake config files
[3.998s] Level 1:colcon.colcon_core.environment:checking '/home/igor/Code/grupo6/src/workspace/install/bela_tarr/lib'
[3.998s] Level 1:colcon.colcon_core.environment:checking '/home/igor/Code/grupo6/src/workspace/install/bela_tarr/bin'
[3.998s] Level 1:colcon.colcon_core.environment:checking '/home/igor/Code/grupo6/src/workspace/install/bela_tarr/lib/pkgconfig/bela_tarr.pc'
[3.998s] Level 1:colcon.colcon_core.environment:checking '/home/igor/Code/grupo6/src/workspace/install/bela_tarr/lib/python3.10/site-packages'
[3.999s] Level 1:colcon.colcon_core.shell:create_environment_hook('bela_tarr', 'pythonpath')
[4.023s] INFO:colcon.colcon_core.shell:Creating environment hook '/home/igor/Code/grupo6/src/workspace/install/bela_tarr/share/bela_tarr/hook/pythonpath.ps1'
[4.024s] INFO:colcon.colcon_core.shell:Creating environment descriptor '/home/igor/Code/grupo6/src/workspace/install/bela_tarr/share/bela_tarr/hook/pythonpath.dsv'
[4.024s] INFO:colcon.colcon_core.shell:Creating environment hook '/home/igor/Code/grupo6/src/workspace/install/bela_tarr/share/bela_tarr/hook/pythonpath.sh'
[4.025s] Level 1:colcon.colcon_core.environment:checking '/home/igor/Code/grupo6/src/workspace/install/bela_tarr/bin'
[4.025s] Level 1:colcon.colcon_core.environment:create_environment_scripts_only(bela_tarr)
[4.047s] INFO:colcon.colcon_core.shell:Creating package script '/home/igor/Code/grupo6/src/workspace/install/bela_tarr/share/bela_tarr/package.ps1'
[4.048s] INFO:colcon.colcon_core.shell:Creating package descriptor '/home/igor/Code/grupo6/src/workspace/install/bela_tarr/share/bela_tarr/package.dsv'
[4.049s] INFO:colcon.colcon_core.shell:Creating package script '/home/igor/Code/grupo6/src/workspace/install/bela_tarr/share/bela_tarr/package.sh'
[4.050s] INFO:colcon.colcon_core.shell:Creating package script '/home/igor/Code/grupo6/src/workspace/install/bela_tarr/share/bela_tarr/package.bash'
[4.052s] INFO:colcon.colcon_core.shell:Creating package script '/home/igor/Code/grupo6/src/workspace/install/bela_tarr/share/bela_tarr/package.zsh'
[4.053s] Level 1:colcon.colcon_core.environment:create_file_with_runtime_dependencies(/home/igor/Code/grupo6/src/workspace/install/bela_tarr/share/colcon-core/packages/bela_tarr)
[4.054s] DEBUG:colcon.colcon_parallel_executor.executor.parallel:closing loop
[4.055s] DEBUG:colcon.colcon_parallel_executor.executor.parallel:loop closed
[4.055s] DEBUG:colcon.colcon_parallel_executor.executor.parallel:run_until_complete finished with '0'
[4.055s] DEBUG:colcon.colcon_core.event_reactor:joining thread
[4.088s] INFO:colcon.colcon_core.plugin_system:Skipping extension 'colcon_notification.desktop_notification.terminal_notifier': Not used on non-Darwin systems
[4.088s] INFO:colcon.colcon_core.plugin_system:Skipping extension 'colcon_notification.desktop_notification.win32': Not used on non-Windows systems
[4.088s] INFO:colcon.colcon_notification.desktop_notification:Sending desktop notification using 'notify2'
[4.105s] DEBUG:colcon.colcon_core.event_reactor:joined thread
[4.129s] INFO:colcon.colcon_core.shell:Creating prefix script '/home/igor/Code/grupo6/src/workspace/install/local_setup.ps1'
[4.131s] INFO:colcon.colcon_core.shell:Creating prefix util module '/home/igor/Code/grupo6/src/workspace/install/_local_setup_util_ps1.py'
[4.134s] INFO:colcon.colcon_core.shell:Creating prefix chain script '/home/igor/Code/grupo6/src/workspace/install/setup.ps1'
[4.161s] INFO:colcon.colcon_core.shell:Creating prefix script '/home/igor/Code/grupo6/src/workspace/install/local_setup.sh'
[4.165s] INFO:colcon.colcon_core.shell:Creating prefix util module '/home/igor/Code/grupo6/src/workspace/install/_local_setup_util_sh.py'
[4.166s] INFO:colcon.colcon_core.shell:Creating prefix chain script '/home/igor/Code/grupo6/src/workspace/install/setup.sh'
[4.192s] INFO:colcon.colcon_core.shell:Creating prefix script '/home/igor/Code/grupo6/src/workspace/install/local_setup.bash'
[4.194s] INFO:colcon.colcon_core.shell:Creating prefix chain script '/home/igor/Code/grupo6/src/workspace/install/setup.bash'
[4.224s] INFO:colcon.colcon_core.shell:Creating prefix script '/home/igor/Code/grupo6/src/workspace/install/local_setup.zsh'
[4.225s] INFO:colcon.colcon_core.shell:Creating prefix chain script '/home/igor/Code/grupo6/src/workspace/install/setup.zsh'
