[1.369s] Invoking command in '/home/igor/Code/grupo6/src/workspace/src/bela_tarr': PYTHONPATH=/home/igor/Code/grupo6/src/workspace/build/bela_tarr/prefix_override:/home/igor/Code/grupo6/src/workspace/install/bela_tarr/lib/python3.10/site-packages:${PYTHONPATH} /usr/bin/python3 setup.py egg_info --egg-base ../../build/bela_tarr build --build-base /home/igor/Code/grupo6/src/workspace/build/bela_tarr/build install --record /home/igor/Code/grupo6/src/workspace/build/bela_tarr/install.log --single-version-externally-managed
[1.766s] running egg_info
[1.767s] creating ../../build/bela_tarr/bela_tarr.egg-info
[1.767s] writing ../../build/bela_tarr/bela_tarr.egg-info/PKG-INFO
[1.768s] writing dependency_links to ../../build/bela_tarr/bela_tarr.egg-info/dependency_links.txt
[1.768s] writing entry points to ../../build/bela_tarr/bela_tarr.egg-info/entry_points.txt
[1.769s] writing requirements to ../../build/bela_tarr/bela_tarr.egg-info/requires.txt
[1.769s] writing top-level names to ../../build/bela_tarr/bela_tarr.egg-info/top_level.txt
[1.769s] writing manifest file '../../build/bela_tarr/bela_tarr.egg-info/SOURCES.txt'
[1.772s] reading manifest file '../../build/bela_tarr/bela_tarr.egg-info/SOURCES.txt'
[1.773s] writing manifest file '../../build/bela_tarr/bela_tarr.egg-info/SOURCES.txt'
[1.773s] running build
[1.774s] running build_py
[1.774s] creating /home/igor/Code/grupo6/src/workspace/build/bela_tarr/build
[1.774s] creating /home/igor/Code/grupo6/src/workspace/build/bela_tarr/build/lib
[1.774s] creating /home/igor/Code/grupo6/src/workspace/build/bela_tarr/build/lib/bela_tarr
[1.774s] copying bela_tarr/movement.py -> /home/igor/Code/grupo6/src/workspace/build/bela_tarr/build/lib/bela_tarr
[1.774s] copying bela_tarr/__init__.py -> /home/igor/Code/grupo6/src/workspace/build/bela_tarr/build/lib/bela_tarr
[1.775s] running install
[1.775s] running install_lib
[1.776s] creating /home/igor/Code/grupo6/src/workspace/install/bela_tarr/lib/python3.10/site-packages/bela_tarr
[1.777s] copying /home/igor/Code/grupo6/src/workspace/build/bela_tarr/build/lib/bela_tarr/movement.py -> /home/igor/Code/grupo6/src/workspace/install/bela_tarr/lib/python3.10/site-packages/bela_tarr
[1.777s] copying /home/igor/Code/grupo6/src/workspace/build/bela_tarr/build/lib/bela_tarr/__init__.py -> /home/igor/Code/grupo6/src/workspace/install/bela_tarr/lib/python3.10/site-packages/bela_tarr
[1.777s] byte-compiling /home/igor/Code/grupo6/src/workspace/install/bela_tarr/lib/python3.10/site-packages/bela_tarr/movement.py to movement.cpython-310.pyc
[1.778s] byte-compiling /home/igor/Code/grupo6/src/workspace/install/bela_tarr/lib/python3.10/site-packages/bela_tarr/__init__.py to __init__.cpython-310.pyc
[1.779s] running install_data
[1.780s] creating /home/igor/Code/grupo6/src/workspace/install/bela_tarr/share/ament_index
[1.780s] creating /home/igor/Code/grupo6/src/workspace/install/bela_tarr/share/ament_index/resource_index
[1.780s] creating /home/igor/Code/grupo6/src/workspace/install/bela_tarr/share/ament_index/resource_index/packages
[1.780s] copying resource/bela_tarr -> /home/igor/Code/grupo6/src/workspace/install/bela_tarr/share/ament_index/resource_index/packages
[1.780s] copying package.xml -> /home/igor/Code/grupo6/src/workspace/install/bela_tarr/share/bela_tarr
[1.781s] creating /home/igor/Code/grupo6/src/workspace/install/bela_tarr/share/bela_tarr/launch
[1.781s] copying launch/mapping_launch.py -> /home/igor/Code/grupo6/src/workspace/install/bela_tarr/share/bela_tarr/launch
[1.781s] running install_egg_info
[1.783s] Copying ../../build/bela_tarr/bela_tarr.egg-info to /home/igor/Code/grupo6/src/workspace/install/bela_tarr/lib/python3.10/site-packages/bela_tarr-0.0.0-py3.10.egg-info
[1.784s] running install_scripts
[1.813s] Installing movement script to /home/igor/Code/grupo6/src/workspace/install/bela_tarr/lib/bela_tarr
[1.813s] writing list of installed files to '/home/igor/Code/grupo6/src/workspace/build/bela_tarr/install.log'
[1.850s] Invoked command in '/home/igor/Code/grupo6/src/workspace/src/bela_tarr' returned '0': PYTHONPATH=/home/igor/Code/grupo6/src/workspace/build/bela_tarr/prefix_override:/home/igor/Code/grupo6/src/workspace/install/bela_tarr/lib/python3.10/site-packages:${PYTHONPATH} /usr/bin/python3 setup.py egg_info --egg-base ../../build/bela_tarr build --build-base /home/igor/Code/grupo6/src/workspace/build/bela_tarr/build install --record /home/igor/Code/grupo6/src/workspace/build/bela_tarr/install.log --single-version-externally-managed
